This is pdfTeX, Version 3.14159265-2.6-1.40.16 (TeX Live 2015/Debian) (preloaded format=pdflatex 2016.12.14)  14 DEC 2016 22:35
entering extended mode
 restricted \write18 enabled.
 %&-line parsing enabled.
**main
(./main.tex
LaTeX2e <2016/02/01>
Babel <3.9q> and hyphenation patterns for 3 language(s) loaded.
(./vldb.cls (/usr/share/texlive/texmf-dist/tex/latex/geometry/geometry.sty
Package: geometry 2010/09/12 v5.6 Page Geometry

(/usr/share/texlive/texmf-dist/tex/latex/graphics/keyval.sty
Package: keyval 2014/10/28 v1.15 key=value parser (DPC)
\KV@toks@=\toks14
)
(/usr/share/texlive/texmf-dist/tex/generic/oberdiek/ifpdf.sty
Package: ifpdf 2011/01/30 v2.3 Provides the ifpdf switch (HO)
Package ifpdf Info: pdfTeX in PDF mode is detected.
)
(/usr/share/texlive/texmf-dist/tex/generic/oberdiek/ifvtex.sty
Package: ifvtex 2010/03/01 v1.5 Detect VTeX and its facilities (HO)
Package ifvtex Info: VTeX not detected.
)
(/usr/share/texlive/texmf-dist/tex/generic/ifxetex/ifxetex.sty
Package: ifxetex 2010/09/12 v0.6 Provides ifxetex conditional
)
\Gm@cnth=\count79
\Gm@cntv=\count80
\c@Gm@tempcnt=\count81
\Gm@bindingoffset=\dimen102
\Gm@wd@mp=\dimen103
\Gm@odd@mp=\dimen104
\Gm@even@mp=\dimen105
\Gm@layoutwidth=\dimen106
\Gm@layoutheight=\dimen107
\Gm@layouthoffset=\dimen108
\Gm@layoutvoffset=\dimen109
\Gm@dimlist=\toks15
)
(/usr/share/texlive/texmf-dist/tex/latex/graphics/epsfig.sty
Package: epsfig 1999/02/16 v1.7a (e)psfig emulation (SPQR)

(/usr/share/texlive/texmf-dist/tex/latex/graphics/graphicx.sty
Package: graphicx 2014/10/28 v1.0g Enhanced LaTeX Graphics (DPC,SPQR)

(/usr/share/texlive/texmf-dist/tex/latex/graphics/graphics.sty
Package: graphics 2016/01/03 v1.0q Standard LaTeX Graphics (DPC,SPQR)

(/usr/share/texlive/texmf-dist/tex/latex/graphics/trig.sty
Package: trig 2016/01/03 v1.10 sin cos tan (DPC)
)
(/usr/share/texlive/texmf-dist/tex/latex/latexconfig/graphics.cfg
File: graphics.cfg 2010/04/23 v1.9 graphics configuration of TeX Live
)
Package graphics Info: Driver file: pdftex.def on input line 95.

(/usr/share/texlive/texmf-dist/tex/latex/pdftex-def/pdftex.def
File: pdftex.def 2011/05/27 v0.06d Graphics/color for pdfTeX

(/usr/share/texlive/texmf-dist/tex/generic/oberdiek/infwarerr.sty
Package: infwarerr 2010/04/08 v1.3 Providing info/warning/error messages (HO)
)
(/usr/share/texlive/texmf-dist/tex/generic/oberdiek/ltxcmds.sty
Package: ltxcmds 2011/11/09 v1.22 LaTeX kernel commands for general use (HO)
)
\Gread@gobject=\count82
))
\Gin@req@height=\dimen110
\Gin@req@width=\dimen111
)
\epsfxsize=\dimen112
\epsfysize=\dimen113
)
(/usr/share/texlive/texmf-dist/tex/latex/amsfonts/amssymb.sty
Package: amssymb 2013/01/14 v3.01 AMS font symbols

(/usr/share/texlive/texmf-dist/tex/latex/amsfonts/amsfonts.sty
Package: amsfonts 2013/01/14 v3.01 Basic AMSFonts support
\@emptytoks=\toks16
\symAMSa=\mathgroup4
\symAMSb=\mathgroup5
LaTeX Font Info:    Overwriting math alphabet `\mathfrak' in version `bold'
(Font)                  U/euf/m/n --> U/euf/b/n on input line 106.
))
(/usr/share/texlive/texmf-dist/tex/latex/amsmath/amsmath.sty
Package: amsmath 2016/03/03 v2.15a AMS math features
\@mathmargin=\skip41

For additional information on amsmath, use the `?' option.
(/usr/share/texlive/texmf-dist/tex/latex/amsmath/amstext.sty
Package: amstext 2000/06/29 v2.01 AMS text

(/usr/share/texlive/texmf-dist/tex/latex/amsmath/amsgen.sty
File: amsgen.sty 1999/11/30 v2.0 generic functions
\@emptytoks=\toks17
\ex@=\dimen114
))
(/usr/share/texlive/texmf-dist/tex/latex/amsmath/amsbsy.sty
Package: amsbsy 1999/11/29 v1.2d Bold Symbols
\pmbraise@=\dimen115
)
(/usr/share/texlive/texmf-dist/tex/latex/amsmath/amsopn.sty
Package: amsopn 1999/12/14 v2.01 operator names
)
\inf@bad=\count83
LaTeX Info: Redefining \frac on input line 199.
\uproot@=\count84
\leftroot@=\count85
LaTeX Info: Redefining \overline on input line 297.
\classnum@=\count86
\DOTSCASE@=\count87
LaTeX Info: Redefining \ldots on input line 394.
LaTeX Info: Redefining \dots on input line 397.
LaTeX Info: Redefining \cdots on input line 518.
\Mathstrutbox@=\box26
\strutbox@=\box27
\big@size=\dimen116
LaTeX Font Info:    Redeclaring font encoding OML on input line 630.
LaTeX Font Info:    Redeclaring font encoding OMS on input line 631.
\macc@depth=\count88
\c@MaxMatrixCols=\count89
\dotsspace@=\muskip10
\c@parentequation=\count90
\dspbrk@lvl=\count91
\tag@help=\toks18
\row@=\count92
\column@=\count93
\maxfields@=\count94
\andhelp@=\toks19
\eqnshift@=\dimen117
\alignsep@=\dimen118
\tagshift@=\dimen119
\tagwidth@=\dimen120
\totwidth@=\dimen121
\lineht@=\dimen122
\@envbody=\toks20
\multlinegap=\skip42
\multlinetaggap=\skip43
\mathdisplay@stack=\toks21
LaTeX Info: Redefining \[ on input line 2735.
LaTeX Info: Redefining \] on input line 2736.
)
Document Class 'vldb' - based on 'sig-alternate' <26th. July '05>. Modified by 
G.K.M. Tobin/Gerry Murray
Based in part upon document Style `acmconf' <22 May 89>. Hacked 4/91 by
shivers@cs.cmu.edu, 4/93 by theobald@cs.mcgill.ca
Excerpts were taken from (Journal Style) 'esub2acm.cls'.
****** Bugs/comments/suggestions/technicalities to Gerry Murray -- murray@hq.ac
m.org ******
Questions on the style, SIGS policies, etc. to Adrienne Griscti griscti@acm.org

\footheight=\dimen123
\@maxsep=\dimen124
\@dblmaxsep=\dimen125
\aucount=\count95
\originalaucount=\count96
\auwidth=\dimen126
\auskip=\dimen127
\auskipcount=\count97
\auskip=\dimen128
\allauboxes=\dimen129
\addauthors=\toks22
\addauflag=\count98
\subtitletext=\toks23
\savesection=\count99
\sectioncntr=\count100
\c@figure=\count101
\c@table=\count102
\titleboxnotes=\toks24
\titleboxnoteflag=\count103
Document Class: vldb 2010/10/19 - V1.8b - based on sig-alternate V1.8 - based o
n acmproc.cls V1.3 <Nov. 30 '99>
(/usr/share/texlive/texmf-dist/tex/latex/base/latexsym.sty
Package: latexsym 1998/08/17 v2.2e Standard LaTeX package (lasy symbols)
\symlasy=\mathgroup6
LaTeX Font Info:    Overwriting symbol font `lasy' in version `bold'
(Font)                  U/lasy/m/n --> U/lasy/b/n on input line 52.
)
\@acmtitlebox=\box28
\titlenotecount=\count104
\tntoks=\toks25
\tntokstwo=\toks26
\tntoksthree=\toks27
\tntoksfour=\toks28
\tntoksfive=\toks29
\catcount=\count105
\copyrightnotice=\toks30
\conf=\toks31
\confinfo=\toks32
\c@part=\count106
\c@section=\count107
\c@subsection=\count108
\c@subsubsection=\count109
\c@paragraph=\count110

Using 'Abbrev' bibliography style
\bibindent=\dimen130
\colcntr=\count111
\savebox=\box29
\copyrtyr=\toks33
\acmcopyr=\toks34
\boilerplate=\toks35
\copyrightetc=\toks36
) (/usr/share/texlive/texmf-dist/tex/latex/preprint/balance.sty
Package: balance 1999/02/23 4.3 (PWD)
\oldvsize=\dimen131
)
(/usr/share/texlive/texmf-dist/tex/latex/algorithm2e/algorithm2e.sty
Package: algorithm2e 2013/01/06 v5.00 algorithms environments
\c@AlgoLine=\count112

(/usr/share/texlive/texmf-dist/tex/latex/base/ifthen.sty
Package: ifthen 2014/09/29 v1.1c Standard LaTeX ifthen package (DPC)
)
\algocf@hangindent=\skip44

(/usr/share/texlive/texmf-dist/tex/latex/tools/xspace.sty
Package: xspace 2014/10/28 v1.13 Space after command names (DPC,MH)
)
(/usr/share/texlive/texmf-dist/tex/latex/relsize/relsize.sty
Package: relsize 2013/03/29 ver 4.1
)
********************************************************
Package `algorithm2e' Release 5.1 -- october 19 2015 --
- algorithm2e-announce@lirmm.fr mailing list for announcement about releases
- algorithm2e-discussion@lirmm.fr mailing list for discussion about package
subscribe by emailing sympa@lirmm.fr with 'subscribe <list> <firstname name>'
- Author: Christophe Fiorio (christophe.fiorio@umontpellier.fr)
********************************************************
\skiptotal=\skip45
\skiplinenumber=\skip46
\skiprule=\skip47
\skiphlne=\skip48
\skiptext=\skip49
\skiplength=\skip50
\algomargin=\skip51
\skipalgocfslide=\skip52
\algowidth=\dimen132
\inoutsize=\dimen133
\inoutindent=\dimen134
\interspacetitleruled=\dimen135
\interspacealgoruled=\dimen136
\interspacetitleboxruled=\dimen137
\algocf@ruledwidth=\skip53
\algocf@inoutbox=\box30
\algocf@inputbox=\box31
\AlCapSkip=\skip54
\AlCapHSkip=\skip55
\algoskipindent=\skip56
\algocf@nlbox=\box32
\algocf@hangingbox=\box33
\algocf@untilbox=\box34
\algocf@skipuntil=\skip57
\algocf@capbox=\box35
\algoheightruledefault=\skip58
\algoheightrule=\skip59
\algotitleheightruledefault=\skip60
\algotitleheightrule=\skip61
\c@algocfline=\count113
\c@algocfproc=\count114
\c@algocf=\count115
\algocf@algoframe=\box36
\algocf@algobox=\box37
) (/usr/share/texlive/texmf-dist/tex/latex/caption/caption.sty
Package: caption 2016/02/21 v3.3-144 Customizing captions (AR)

(/usr/share/texlive/texmf-dist/tex/latex/caption/caption3.sty
Package: caption3 2016/02/04 v1.7-139 caption3 kernel (AR)
Package caption3 Info: TeX engine: e-TeX on input line 67.
\captionmargin=\dimen138
\captionmargin@=\dimen139
\captionwidth=\dimen140
\caption@tempdima=\dimen141
\caption@indent=\dimen142
\caption@parindent=\dimen143
\caption@hangindent=\dimen144
\abovecaptionskip=\skip62
\belowcaptionskip=\skip63
Package caption Info: Unknown document class (or package),
(caption)             standard defaults will be used.
)

Package caption Warning: Unsupported document class (or package) detected,
(caption)                usage of the caption package is not recommended.
See the caption package documentation for explanation.

Package caption Info: \@makecaption = \long macro:#1#2-> \vskip 10pt \setbox \@
tempboxa \hbox {\textbf {#1: #2}} \ifdim \wd \@tempboxa >\hsize \textbf {#1: #2
}\par \else \hbox to\hsize {\hfil \box \@tempboxa \hfil } \fi .
\c@ContinuedFloat=\count116
) (/usr/share/texlive/texmf-dist/tex/latex/caption/subcaption.sty
Package: subcaption 2016/02/20 v1.1-142 Sub-captions (AR)
\c@subfigure=\count117
\c@subtable=\count118
)
(/usr/share/texlive/texmf-dist/tex/latex/graphics/color.sty
Package: color 2016/01/03 v1.1b Standard LaTeX Color (DPC)

(/usr/share/texlive/texmf-dist/tex/latex/latexconfig/color.cfg
File: color.cfg 2007/01/18 v1.5 color configuration of teTeX/TeXLive
)
Package color Info: Driver file: pdftex.def on input line 143.
) (./main.aux)
\openout1 = `main.aux'.

LaTeX Font Info:    Checking defaults for OML/cmm/m/it on input line 29.
LaTeX Font Info:    ... okay on input line 29.
LaTeX Font Info:    Checking defaults for T1/cmr/m/n on input line 29.
LaTeX Font Info:    ... okay on input line 29.
LaTeX Font Info:    Checking defaults for OT1/cmr/m/n on input line 29.
LaTeX Font Info:    ... okay on input line 29.
LaTeX Font Info:    Checking defaults for OMS/cmsy/m/n on input line 29.
LaTeX Font Info:    ... okay on input line 29.
LaTeX Font Info:    Checking defaults for OMX/cmex/m/n on input line 29.
LaTeX Font Info:    ... okay on input line 29.
LaTeX Font Info:    Checking defaults for U/cmr/m/n on input line 29.
LaTeX Font Info:    ... okay on input line 29.

*geometry* detected driver: pdftex
*geometry* verbose mode - [ preamble ] result:
* driver: pdftex
* paper: letterpaper
* layout: <same size as paper>
* layoutoffset:(h,v)=(0.0pt,0.0pt)
* modes: twoside 
* h-part:(L,W,R)=(92.14519pt, 430.00462pt, 92.14519pt)
* v-part:(T,H,B)=(95.39737pt, 556.47656pt, 143.09605pt)
* \paperwidth=614.295pt
* \paperheight=794.96999pt
* \textwidth=504.0pt
* \textheight=666.0pt
* \oddsidemargin=-18.26999pt
* \evensidemargin=-18.26999pt
* \topmargin=-55.26999pt
* \headheight=12.0pt
* \headsep=25.0pt
* \topskip=10.0pt
* \footskip=30.0pt
* \marginparwidth=0.0pt
* \marginparsep=11.0pt
* \columnsep=24.0pt
* \skip\footins=8.1pt plus 4.0pt minus 2.0pt
* \hoffset=0.0pt
* \voffset=0.0pt
* \mag=1000
* \@twocolumntrue
* \@twosidetrue
* \@mparswitchtrue
* \@reversemarginfalse
* (1in=72.27pt=25.4mm, 1cm=28.453pt)

(/usr/share/texlive/texmf-dist/tex/context/base/supp-pdf.mkii
[Loading MPS to PDF converter (version 2006.09.02).]
\scratchcounter=\count119
\scratchdimen=\dimen145
\scratchbox=\box38
\nofMPsegments=\count120
\nofMParguments=\count121
\everyMPshowfont=\toks37
\MPscratchCnt=\count122
\MPscratchDim=\dimen146
\MPnumerator=\count123
\makeMPintoPDFobject=\count124
\everyMPtoPDFconversion=\toks38
) (/usr/share/texlive/texmf-dist/tex/generic/oberdiek/pdftexcmds.sty
Package: pdftexcmds 2011/11/29 v0.20 Utility functions of pdfTeX for LuaTeX (HO
)

(/usr/share/texlive/texmf-dist/tex/generic/oberdiek/ifluatex.sty
Package: ifluatex 2010/03/01 v1.3 Provides the ifluatex switch (HO)
Package ifluatex Info: LuaTeX not detected.
)
Package pdftexcmds Info: LuaTeX not detected.
Package pdftexcmds Info: \pdf@primitive is available.
Package pdftexcmds Info: \pdf@ifprimitive is available.
Package pdftexcmds Info: \pdfdraftmode found.
)
(/usr/share/texlive/texmf-dist/tex/latex/oberdiek/epstopdf-base.sty
Package: epstopdf-base 2010/02/09 v2.5 Base part for package epstopdf

(/usr/share/texlive/texmf-dist/tex/latex/oberdiek/grfext.sty
Package: grfext 2010/08/19 v1.1 Manage graphics extensions (HO)

(/usr/share/texlive/texmf-dist/tex/generic/oberdiek/kvdefinekeys.sty
Package: kvdefinekeys 2011/04/07 v1.3 Define keys (HO)
))
(/usr/share/texlive/texmf-dist/tex/latex/oberdiek/kvoptions.sty
Package: kvoptions 2011/06/30 v3.11 Key value format for package options (HO)

(/usr/share/texlive/texmf-dist/tex/generic/oberdiek/kvsetkeys.sty
Package: kvsetkeys 2012/04/25 v1.16 Key value parser (HO)

(/usr/share/texlive/texmf-dist/tex/generic/oberdiek/etexcmds.sty
Package: etexcmds 2011/02/16 v1.5 Avoid name clashes with e-TeX commands (HO)
Package etexcmds Info: Could not find \expanded.
(etexcmds)             That can mean that you are not using pdfTeX 1.50 or
(etexcmds)             that some package has redefined \expanded.
(etexcmds)             In the latter case, load this package earlier.
)))
Package grfext Info: Graphics extension search list:
(grfext)             [.png,.pdf,.jpg,.mps,.jpeg,.jbig2,.jb2,.PNG,.PDF,.JPG,.JPE
G,.JBIG2,.JB2,.eps]
(grfext)             \AppendGraphicsExtensions on input line 452.

(/usr/share/texlive/texmf-dist/tex/latex/latexconfig/epstopdf-sys.cfg
File: epstopdf-sys.cfg 2010/07/13 v1.3 Configuration of (r)epstopdf for TeX Liv
e
))
Package caption Info: Begin \AtBeginDocument code.
Package caption Info: End \AtBeginDocument code.
LaTeX Font Info:    Try loading font information for U+msa on input line 97.

(/usr/share/texlive/texmf-dist/tex/latex/amsfonts/umsa.fd
File: umsa.fd 2013/01/14 v3.01 AMS symbols A
)
LaTeX Font Info:    Try loading font information for U+msb on input line 97.

(/usr/share/texlive/texmf-dist/tex/latex/amsfonts/umsb.fd
File: umsb.fd 2013/01/14 v3.01 AMS symbols B
)
LaTeX Font Info:    Try loading font information for U+lasy on input line 97.

(/usr/share/texlive/texmf-dist/tex/latex/base/ulasy.fd
File: ulasy.fd 1998/08/17 v2.2e LaTeX symbol font definitions
)
Overfull \hbox (11.88794pt too wide) in paragraph at lines 97--97
 []\eaddfnt magda@cs.washington.edu| 
 []

(./introduction.tex
Overfull \hbox (2.15399pt too wide) in paragraph at lines 4--5
[]\OT1/cmr/m/n/9 Transaction pro-cess-ing is a fun-da-men-tal as-pect of databa
se
 []


Overfull \hbox (1.72609pt too wide) in paragraph at lines 4--5
\OT1/cmr/m/n/9 creased through \OT1/cmr/m/it/9 batch-ing\OT1/cmr/m/n/9 -based o
p-ti-miza-tions, whereby some
 []


Overfull \hbox (4.30501pt too wide) in paragraph at lines 32--37
[]\OT1/cmr/m/n/9 The ar-chi-tec-ture of OCC with back-ward val-i-da-tion presen
ts
 []


Underfull \vbox (badness 10000) has occurred while \output is active []

 [1{/var/lib/texmf/fonts/map/pdftex/updmap/pdftex.map}


]
<figures/arch.pdf, id=13, 366.36874pt x 175.65625pt>
File: figures/arch.pdf Graphic file (type pdf)
 <use figures/arch.pdf>
Package pdftex.def Info: figures/arch.pdf used on input line 64.
(pdftex.def)             Requested size: 215.99854pt x 103.56123pt.

Underfull \vbox (badness 10000) has occurred while \output is active []

)
(./background.tex [2 <./figures/arch.pdf>]) (./overview.tex) (./reorder.tex
<./alg_fig/fvs-eg.pdf, id=30, 462.72874pt x 359.3425pt>
File: ./alg_fig/fvs-eg.pdf Graphic file (type pdf)

<use ./alg_fig/fvs-eg.pdf>
Package pdftex.def Info: ./alg_fig/fvs-eg.pdf used on input line 14.
(pdftex.def)             Requested size: 72.00073pt x 55.91135pt.
 [3]
<./alg_fig/scc-g0.pdf, id=35, 425.59pt x 462.72874pt>
File: ./alg_fig/scc-g0.pdf Graphic file (type pdf)

<use ./alg_fig/scc-g0.pdf>
Package pdftex.def Info: ./alg_fig/scc-g0.pdf used on input line 150.
(pdftex.def)             Requested size: 95.76123pt x 104.11653pt.

<./alg_fig/scc-g1.pdf, id=36, 425.59pt x 462.72874pt>
File: ./alg_fig/scc-g1.pdf Graphic file (type pdf)

<use ./alg_fig/scc-g1.pdf>
Package pdftex.def Info: ./alg_fig/scc-g1.pdf used on input line 156.
(pdftex.def)             Requested size: 95.76123pt x 104.11653pt.

<./alg_fig/scc-g3.pdf, id=37, 425.59pt x 462.72874pt>
File: ./alg_fig/scc-g3.pdf Graphic file (type pdf)

<use ./alg_fig/scc-g3.pdf>
Package pdftex.def Info: ./alg_fig/scc-g3.pdf used on input line 162.
(pdftex.def)             Requested size: 95.76123pt x 104.11653pt.

<./alg_fig/scc-g5.pdf, id=38, 425.59pt x 462.72874pt>
File: ./alg_fig/scc-g5.pdf Graphic file (type pdf)

<use ./alg_fig/scc-g5.pdf>
Package pdftex.def Info: ./alg_fig/scc-g5.pdf used on input line 168.
(pdftex.def)             Requested size: 95.76123pt x 104.11653pt.

<./alg_fig/scc-g7.pdf, id=39, 425.59pt x 462.72874pt>
File: ./alg_fig/scc-g7.pdf Graphic file (type pdf)

<use ./alg_fig/scc-g7.pdf>
Package pdftex.def Info: ./alg_fig/scc-g7.pdf used on input line 174.
(pdftex.def)             Requested size: 95.76123pt x 104.11653pt.

<./alg_fig/simple-g0.pdf, id=40, 425.59pt x 462.72874pt>
File: ./alg_fig/simple-g0.pdf Graphic file (type pdf)

<use ./alg_fig/simple-g0.pdf>
Package pdftex.def Info: ./alg_fig/simple-g0.pdf used on input line 190.
(pdftex.def)             Requested size: 95.76123pt x 104.11653pt.

<./alg_fig/simple-g2.pdf, id=41, 425.59pt x 462.72874pt>
File: ./alg_fig/simple-g2.pdf Graphic file (type pdf)

<use ./alg_fig/simple-g2.pdf>
Package pdftex.def Info: ./alg_fig/simple-g2.pdf used on input line 196.
(pdftex.def)             Requested size: 95.76123pt x 104.11653pt.

<./alg_fig/simple-g4.pdf, id=42, 425.59pt x 462.72874pt>
File: ./alg_fig/simple-g4.pdf Graphic file (type pdf)

<use ./alg_fig/simple-g4.pdf>
Package pdftex.def Info: ./alg_fig/simple-g4.pdf used on input line 202.
(pdftex.def)             Requested size: 95.76123pt x 104.11653pt.

<./alg_fig/simple-g6.pdf, id=43, 425.59pt x 462.72874pt>
File: ./alg_fig/simple-g6.pdf Graphic file (type pdf)

<use ./alg_fig/simple-g6.pdf>
Package pdftex.def Info: ./alg_fig/simple-g6.pdf used on input line 208.
(pdftex.def)             Requested size: 95.76123pt x 104.11653pt.

<./alg_fig/simple-g8.pdf, id=44, 425.59pt x 462.72874pt>
File: ./alg_fig/simple-g8.pdf Graphic file (type pdf)

<use ./alg_fig/simple-g8.pdf>
Package pdftex.def Info: ./alg_fig/simple-g8.pdf used on input line 214.
(pdftex.def)             Requested size: 95.76123pt x 104.11653pt.

Underfull \vbox (badness 1292) has occurred while \output is active []

 [4 <./alg_fig/fvs-eg.pdf>]
Underfull \vbox (badness 3861) has occurred while \output is active []

 [5 <./alg_fig/scc-g0.pdf> <./alg_fig/scc-g1.pdf

pdfTeX warning: pdflatex (file ./alg_fig/scc-g1.pdf): PDF inclusion: multiple p
dfs with page group included in a single page
> <./alg_fig/scc-g3.pdf

pdfTeX warning: pdflatex (file ./alg_fig/scc-g3.pdf): PDF inclusion: multiple p
dfs with page group included in a single page
> <./alg_fig/scc-g5.pdf

pdfTeX warning: pdflatex (file ./alg_fig/scc-g5.pdf): PDF inclusion: multiple p
dfs with page group included in a single page
> <./alg_fig/scc-g7.pdf

pdfTeX warning: pdflatex (file ./alg_fig/scc-g7.pdf): PDF inclusion: multiple p
dfs with page group included in a single page
> <./alg_fig/simple-g0.pdf

pdfTeX warning: pdflatex (file ./alg_fig/simple-g0.pdf): PDF inclusion: multipl
e pdfs with page group included in a single page
> <./alg_fig/simple-g2.pdf

pdfTeX warning: pdflatex (file ./alg_fig/simple-g2.pdf): PDF inclusion: multipl
e pdfs with page group included in a single page
> <./alg_fig/simple-g4.pdf

pdfTeX warning: pdflatex (file ./alg_fig/simple-g4.pdf): PDF inclusion: multipl
e pdfs with page group included in a single page
> <./alg_fig/simple-g6.pdf

pdfTeX warning: pdflatex (file ./alg_fig/simple-g6.pdf): PDF inclusion: multipl
e pdfs with page group included in a single page
> <./alg_fig/simple-g8.pdf

pdfTeX warning: pdflatex (file ./alg_fig/simple-g8.pdf): PDF inclusion: multipl
e pdfs with page group included in a single page
>]
Underfull \vbox (badness 10000) has occurred while \output is active []

 [6]
<./figures/validator.pdf, id=148, 725.71124pt x 370.38374pt>
File: ./figures/validator.pdf Graphic file (type pdf)

<use ./figures/validator.pdf>
Package pdftex.def Info: ./figures/validator.pdf used on input line 278.
(pdftex.def)             Requested size: 240.0pt x 122.48698pt.
) (./experiment.tex
Overfull \hbox (6.74213pt too wide) in paragraph at lines 19--21
[]\OT1/cmr/m/n/9 The trans-ac-tion gen-er-a-tor con-tin-u-ously pro-duces new t
rans-
 []


Underfull \vbox (badness 10000) has occurred while \output is active []

 [7 <./figures/validator.pdf>] <./exp_fig/fvs/fvs.pdf, id=164, 403.5075pt x 308
.15125pt>
File: ./exp_fig/fvs/fvs.pdf Graphic file (type pdf)

<use ./exp_fig/fvs/fvs.pdf>
Package pdftex.def Info: ./exp_fig/fvs/fvs.pdf used on input line 54.
(pdftex.def)             Requested size: 161.28369pt x 123.16896pt.

<./exp_fig/fvs/latency.pdf, id=165, 412.54124pt x 309.155pt>
File: ./exp_fig/fvs/latency.pdf Graphic file (type pdf)

<use ./exp_fig/fvs/latency.pdf>
Package pdftex.def Info: ./exp_fig/fvs/latency.pdf used on input line 61.
(pdftex.def)             Requested size: 161.28369pt x 120.86714pt.

<./exp_fig/greedy/tps.pdf, id=166, 418.56375pt x 310.15875pt>
File: ./exp_fig/greedy/tps.pdf Graphic file (type pdf)

<use ./exp_fig/greedy/tps.pdf>
Package pdftex.def Info: ./exp_fig/greedy/tps.pdf used on input line 68.
(pdftex.def)             Requested size: 161.28369pt x 119.5085pt.

<./exp_fig/greedy/latency.pdf, id=167, 418.56375pt x 310.15875pt>
File: ./exp_fig/greedy/latency.pdf Graphic file (type pdf)

<use ./exp_fig/greedy/latency.pdf>
Package pdftex.def Info: ./exp_fig/greedy/latency.pdf used on input line 80.
(pdftex.def)             Requested size: 161.28369pt x 119.5085pt.

<./exp_fig/greedy/percent95_latency.pdf, id=168, 420.57124pt x 309.155pt>
File: ./exp_fig/greedy/percent95_latency.pdf Graphic file (type pdf)

<use ./exp_fig/greedy/percent95_latency.pdf>
Package pdftex.def Info: ./exp_fig/greedy/percent95_latency.pdf used on input l
ine 87.
(pdftex.def)             Requested size: 161.28369pt x 118.55566pt.

<./exp_fig/reorder/tps.pdf, id=169, 418.56375pt x 310.15875pt>
File: ./exp_fig/reorder/tps.pdf Graphic file (type pdf)

<use ./exp_fig/reorder/tps.pdf>
Package pdftex.def Info: ./exp_fig/reorder/tps.pdf used on input line 94.
(pdftex.def)             Requested size: 161.28369pt x 119.5085pt.

<./exp_fig/reorder/latency.pdf, id=170, 418.56375pt x 310.15875pt>
File: ./exp_fig/reorder/latency.pdf Graphic file (type pdf)

<use ./exp_fig/reorder/latency.pdf>
Package pdftex.def Info: ./exp_fig/reorder/latency.pdf used on input line 105.
(pdftex.def)             Requested size: 161.28369pt x 119.5085pt.

<./exp_fig/reorder/percent95_latency.pdf, id=171, 411.5375pt x 300.12125pt>
File: ./exp_fig/reorder/percent95_latency.pdf Graphic file (type pdf)

<use ./exp_fig/reorder/percent95_latency.pdf>
Package pdftex.def Info: ./exp_fig/reorder/percent95_latency.pdf used on input 
line 112.
(pdftex.def)             Requested size: 161.28369pt x 117.61925pt.

<./exp_fig/bsize/tps.pdf, id=172, 418.56375pt x 310.15875pt>
File: ./exp_fig/bsize/tps.pdf Graphic file (type pdf)

<use ./exp_fig/bsize/tps.pdf>
Package pdftex.def Info: ./exp_fig/bsize/tps.pdf used on input line 120.
(pdftex.def)             Requested size: 161.28369pt x 119.5085pt.

<./exp_fig/bsize/latency.pdf, id=173, 418.56375pt x 309.155pt>
File: ./exp_fig/bsize/latency.pdf Graphic file (type pdf)

<use ./exp_fig/bsize/latency.pdf>
Package pdftex.def Info: ./exp_fig/bsize/latency.pdf used on input line 132.
(pdftex.def)             Requested size: 161.28369pt x 119.12173pt.

<./exp_fig/bsize/percent95_latency.pdf, id=174, 405.515pt x 300.12125pt>
File: ./exp_fig/bsize/percent95_latency.pdf Graphic file (type pdf)

<use ./exp_fig/bsize/percent95_latency.pdf>
Package pdftex.def Info: ./exp_fig/bsize/percent95_latency.pdf used on input li
ne 139.
(pdftex.def)             Requested size: 161.28369pt x 119.3686pt.

<./exp_fig/basic/tps.pdf, id=175, 418.56375pt x 310.15875pt>
File: ./exp_fig/basic/tps.pdf Graphic file (type pdf)

<use ./exp_fig/basic/tps.pdf>
Package pdftex.def Info: ./exp_fig/basic/tps.pdf used on input line 146.
(pdftex.def)             Requested size: 161.28369pt x 119.5085pt.

<./exp_fig/basic/latency.pdf, id=176, 418.56375pt x 310.15875pt>
File: ./exp_fig/basic/latency.pdf Graphic file (type pdf)

<use ./exp_fig/basic/latency.pdf>
Package pdftex.def Info: ./exp_fig/basic/latency.pdf used on input line 158.
(pdftex.def)             Requested size: 161.28369pt x 119.5085pt.

<./exp_fig/basic/percent95_latency.pdf, id=177, 409.53pt x 309.155pt>
File: ./exp_fig/basic/percent95_latency.pdf Graphic file (type pdf)

<use ./exp_fig/basic/percent95_latency.pdf>
Package pdftex.def Info: ./exp_fig/basic/percent95_latency.pdf used on input li
ne 165.
(pdftex.def)             Requested size: 161.28369pt x 121.754pt.

Underfull \hbox (badness 1286) in paragraph at lines 167--167
[]\OT1/cmr/m/n/9 Figure 19: |Per-centile la-tency un-der
 []

<./exp_fig/load/Z0.7_tps.pdf, id=178, 420.57124pt x 309.155pt>
File: ./exp_fig/load/Z0.7_tps.pdf Graphic file (type pdf)

<use ./exp_fig/load/Z0.7_tps.pdf>
Package pdftex.def Info: ./exp_fig/load/Z0.7_tps.pdf used on input line 172.
(pdftex.def)             Requested size: 161.28369pt x 118.55566pt.

Underfull \hbox (badness 1888) in paragraph at lines 174--174
[]\OT1/cmr/m/n/9 Figure 20: |Through-put with mi-cro
 []

<./exp_fig/restart/tps.pdf, id=179, 418.56375pt x 310.15875pt>
File: ./exp_fig/restart/tps.pdf Graphic file (type pdf)

<use ./exp_fig/restart/tps.pdf>
Package pdftex.def Info: ./exp_fig/restart/tps.pdf used on input line 186.
(pdftex.def)             Requested size: 161.28369pt x 119.5085pt.

<./exp_fig/restart/latency.pdf, id=180, 418.56375pt x 310.15875pt>
File: ./exp_fig/restart/latency.pdf Graphic file (type pdf)

<use ./exp_fig/restart/latency.pdf>
Package pdftex.def Info: ./exp_fig/restart/latency.pdf used on input line 193.
(pdftex.def)             Requested size: 161.28369pt x 119.5085pt.

<./exp_fig/restart/percent100_latency.pdf, id=181, 426.59375pt x 310.15875pt>
File: ./exp_fig/restart/percent100_latency.pdf Graphic file (type pdf)

<use ./exp_fig/restart/percent100_latency.pdf>
Package pdftex.def Info: ./exp_fig/restart/percent100_latency.pdf used on input
 line 200.
(pdftex.def)             Requested size: 161.28369pt x 117.26523pt.

<./exp_fig/small_bank/tps.pdf, id=182, 418.56375pt x 309.155pt>
File: ./exp_fig/small_bank/tps.pdf Graphic file (type pdf)

<use ./exp_fig/small_bank/tps.pdf>
Package pdftex.def Info: ./exp_fig/small_bank/tps.pdf used on input line 271.
(pdftex.def)             Requested size: 161.28369pt x 119.12173pt.

<./exp_fig/small_bank/latency.pdf, id=183, 418.56375pt x 309.155pt>
File: ./exp_fig/small_bank/latency.pdf Graphic file (type pdf)

<use ./exp_fig/small_bank/latency.pdf>
Package pdftex.def Info: ./exp_fig/small_bank/latency.pdf used on input line 27
8.
(pdftex.def)             Requested size: 161.28369pt x 119.12173pt.

<./exp_fig/small_bank/percent95_latency.pdf, id=184, 413.545pt x 309.155pt>
File: ./exp_fig/small_bank/percent95_latency.pdf Graphic file (type pdf)

<use ./exp_fig/small_bank/percent95_latency.pdf>
Package pdftex.def Info: ./exp_fig/small_bank/percent95_latency.pdf used on inp
ut line 285.
(pdftex.def)             Requested size: 161.28369pt x 120.57468pt.
 (./exp_greedy.tex
Overfull \hbox (14.0057pt too wide) in paragraph at lines 6--7
[]\OT1/cmr/m/n/9 We test the SCC-based greedy al-go-rithm with the \OT1/cmtt/m/
n/9 max-degree
 []


Overfull \hbox (10.61821pt too wide) in paragraph at lines 6--7
\OT1/cmr/m/n/9 sort-ing and multi fac-tor 2), and the hy-brid al-go-rithm $\OML
/cmm/m/it/9 hybrid[]m$\OT1/cmr/m/n/9 .
 []


Underfull \vbox (badness 1558) has occurred while \output is active []

)
(./exp_parallel_reorder.tex) (./exp_batch_size.tex) (./exp_basic.tex [8])
(./exp_policy.tex
Underfull \vbox (badness 10000) has occurred while \output is active []

)
(./exp_benchmark.tex [9 <./exp_fig/fvs/fvs.pdf> <./exp_fig/fvs/latency.pdf> <./
exp_fig/greedy/tps.pdf> <./exp_fig/greedy/latency.pdf> <./exp_fig/greedy/percen
t95_latency.pdf> <./exp_fig/reorder/tps.pdf>])
Overfull \hbox (3.1089pt too wide) in paragraph at lines 328--330
\OT1/cmr/m/n/9 per-centile trans-ac-tion la-tency but can hurt the through-
 []


Overfull \hbox (3.25124pt too wide) in paragraph at lines 330--332
[]\OT1/cmr/m/n/9 For al-ter-na-tive re-order-ing poli-cies at the val-ida-tor, 
priv-
 []


Overfull \hbox (8.11162pt too wide) in paragraph at lines 332--334
\OT1/cmr/m/n/9 re-order-ing pro-vides sig-nif-i-cantly bet-ter per-for-mance wi
th
 []

) (./related.tex
Overfull \hbox (3.87038pt too wide) in paragraph at lines 14--16
\OT1/cmr/m/n/9 only trans-ac-tions in dis-tributed asyn-chronous OCC [15]. This

 []

[10 <./exp_fig/reorder/latency.pdf> <./exp_fig/reorder/percent95_latency.pdf> <
./exp_fig/bsize/tps.pdf> <./exp_fig/bsize/latency.pdf> <./exp_fig/bsize/percent
95_latency.pdf> <./exp_fig/basic/tps.pdf>]) (./conclusion.tex
Underfull \vbox (badness 10000) has occurred while \output is active []

)
(./main.bbl [11 <./exp_fig/basic/latency.pdf> <./exp_fig/basic/percent95_latenc
y.pdf> <./exp_fig/load/Z0.7_tps.pdf> <./exp_fig/restart/tps.pdf> <./exp_fig/res
tart/latency.pdf> <./exp_fig/restart/percent100_latency.pdf>]
Underfull \vbox (badness 10000) has occurred while \output is active []


Underfull \vbox (badness 10000) has occurred while \output is active []

 [12 <./exp_fig/small_bank/tps.pdf> <./exp_fig/small_bank/latency.pdf> <./exp_f
ig/small_bank/percent95_latency.pdf>]) [13

] (./main.aux) ) 
Here is how much of TeX's memory you used:
 5493 strings out of 494953
 83826 string characters out of 6180976
 171122 words of memory out of 5000000
 8619 multiletter control sequences out of 15000+600000
 23814 words of font info for 57 fonts, out of 8000000 for 9000
 14 hyphenation exceptions out of 8191
 41i,18n,46p,1997b,568s stack positions out of 5000i,500n,10000p,200000b,80000s
{/usr/share/texlive/texmf-dist/fonts/enc/dvips/base/8r.enc}</us
r/share/texlive/texmf-dist/fonts/type1/public/amsfonts/cm/cmbx7.pfb></usr/share
/texlive/texmf-dist/fonts/type1/public/amsfonts/cm/cmbx9.pfb></usr/share/texliv
e/texmf-dist/fonts/type1/public/amsfonts/cm/cmmi6.pfb></usr/share/texlive/texmf
-dist/fonts/type1/public/amsfonts/cm/cmmi9.pfb></usr/share/texlive/texmf-dist/f
onts/type1/public/amsfonts/cm/cmr6.pfb></usr/share/texlive/texmf-dist/fonts/typ
e1/public/amsfonts/cm/cmr8.pfb></usr/share/texlive/texmf-dist/fonts/type1/publi
c/amsfonts/cm/cmr9.pfb></usr/share/texlive/texmf-dist/fonts/type1/public/amsfon
ts/cm/cmsy6.pfb></usr/share/texlive/texmf-dist/fonts/type1/public/amsfonts/cm/c
msy9.pfb></usr/share/texlive/texmf-dist/fonts/type1/public/amsfonts/cm/cmti9.pf
b></usr/share/texlive/texmf-dist/fonts/type1/public/amsfonts/cm/cmtt9.pfb></usr
/share/texlive/texmf-dist/fonts/type1/urw/helvetic/uhvb8a.pfb></usr/share/texli
ve/texmf-dist/fonts/type1/urw/helvetic/uhvr8a.pfb></usr/share/texlive/texmf-dis
t/fonts/type1/urw/times/utmb8a.pfb>
Output written on main.pdf (13 pages, 734018 bytes).
PDF statistics:
 399 PDF objects out of 1000 (max. 8388607)
 265 compressed objects within 3 object streams
 0 named destinations out of 1000 (max. 500000)
 171 words of extra memory for PDF output out of 10000 (max. 10000000)

