\BOOKMARK [1][-]{section*.1}{\376\377\000A\000b\000s\000t\000r\000a\000c\000t}{}% 1
\BOOKMARK [1][-]{section.1}{\376\377\0001\000\040\000I\000n\000t\000r\000o\000d\000u\000c\000t\000i\000o\000n}{}% 2
\BOOKMARK [1][-]{section.2}{\376\377\0002\000\040\000B\000a\000c\000k\000g\000r\000o\000u\000n\000d}{}% 3
\BOOKMARK [1][-]{section.3}{\376\377\0003\000\040\000B\000a\000t\000c\000h\000i\000n\000g\000\040\000a\000n\000d\000\040\000R\000e\000o\000r\000d\000e\000r\000i\000n\000g\000:\000\040\000C\000o\000n\000c\000e\000p\000t\000s}{}% 4
\BOOKMARK [2][-]{subsection.3.1}{\376\377\0003\000.\0001\000\040\000R\000e\000o\000r\000d\000e\000r\000i\000n\000g\000\040\000a\000t\000\040\000t\000h\000e\000\040\000S\000t\000o\000r\000a\000g\000e}{section.3}% 5
\BOOKMARK [2][-]{subsection.3.2}{\376\377\0003\000.\0002\000\040\000R\000e\000o\000r\000d\000e\000r\000i\000n\000g\000\040\000a\000t\000\040\000t\000h\000e\000\040\000V\000a\000l\000i\000d\000a\000t\000o\000r}{section.3}% 6
\BOOKMARK [1][-]{section.4}{\376\377\0004\000\040\000V\000a\000l\000i\000d\000a\000t\000o\000r\000\040\000B\000a\000t\000c\000h\000i\000n\000g}{}% 7
\BOOKMARK [2][-]{subsection.4.1}{\376\377\0004\000.\0001\000\040\000A\000l\000g\000o\000r\000i\000t\000h\000m\000s}{section.4}% 8
\BOOKMARK [2][-]{subsection.4.2}{\376\377\0004\000.\0002\000\040\000P\000o\000l\000i\000c\000i\000e\000s}{section.4}% 9
\BOOKMARK [1][-]{section.5}{\376\377\0005\000\040\000P\000a\000r\000a\000l\000l\000e\000l\000i\000s\000m}{}% 10
\BOOKMARK [1][-]{section.6}{\376\377\0006\000\040\000E\000v\000a\000l\000u\000a\000t\000i\000o\000n}{}% 11
\BOOKMARK [2][-]{subsection.6.1}{\376\377\0006\000.\0001\000\040\000I\000m\000p\000l\000e\000m\000e\000n\000t\000a\000t\000i\000o\000n\000\040\000a\000n\000d\000\040\000E\000x\000p\000e\000r\000i\000m\000e\000n\000t\000a\000l\000\040\000S\000e\000t\000u\000p}{section.6}% 12
\BOOKMARK [2][-]{subsection.6.2}{\376\377\0006\000.\0002\000\040\000V\000a\000l\000i\000d\000a\000t\000o\000r\000\040\000R\000e\000o\000r\000d\000e\000r\000i\000n\000g\000\040\000A\000l\000g\000o\000r\000i\000t\000h\000m\000s}{section.6}% 13
\BOOKMARK [2][-]{subsection.6.3}{\376\377\0006\000.\0003\000\040\000P\000a\000r\000a\000l\000l\000e\000l\000\040\000V\000a\000l\000i\000d\000a\000t\000o\000r\000\040\000R\000e\000o\000r\000d\000e\000r\000i\000n\000g}{section.6}% 14
\BOOKMARK [2][-]{subsection.6.4}{\376\377\0006\000.\0004\000\040\000B\000a\000t\000c\000h\000\040\000S\000i\000z\000e}{section.6}% 15
\BOOKMARK [2][-]{subsection.6.5}{\376\377\0006\000.\0005\000\040\000S\000t\000o\000r\000a\000g\000e\000\040\000a\000n\000d\000\040\000V\000a\000l\000i\000d\000a\000t\000o\000r\000\040\000B\000a\000t\000c\000h\000i\000n\000g}{section.6}% 16
\BOOKMARK [2][-]{subsection.6.6}{\376\377\0006\000.\0006\000\040\000R\000e\000d\000u\000c\000i\000n\000g\000\040\000T\000a\000i\000l\000\040\000L\000a\000t\000e\000n\000c\000y}{section.6}% 17
\BOOKMARK [2][-]{subsection.6.7}{\376\377\0006\000.\0007\000\040\000S\000m\000a\000l\000l\000\040\000B\000a\000n\000k\000\040\000B\000e\000n\000c\000h\000m\000a\000r\000k}{section.6}% 18
\BOOKMARK [2][-]{subsection.6.8}{\376\377\0006\000.\0008\000\040\000I\000m\000p\000l\000e\000m\000e\000n\000t\000a\000t\000i\000o\000n\000\040\000o\000n\000\040\000D\000B\000M\000S\000-\000X}{section.6}% 19
\BOOKMARK [2][-]{subsection.6.9}{\376\377\0006\000.\0009\000\040\000D\000i\000s\000c\000u\000s\000s\000i\000o\000n}{section.6}% 20
\BOOKMARK [1][-]{section.7}{\376\377\0007\000\040\000R\000e\000l\000a\000t\000e\000d\000\040\000W\000o\000r\000k}{}% 21
\BOOKMARK [1][-]{section.8}{\376\377\0008\000\040\000C\000o\000n\000c\000l\000u\000s\000i\000o\000n\000s\000\040\000a\000n\000d\000\040\000F\000u\000t\000u\000r\000e\000\040\000W\000o\000r\000k}{}% 22
\BOOKMARK [1][-]{section*.21}{\376\377\000R\000e\000f\000e\000r\000e\000n\000c\000e\000s}{}% 23
