This is pdfTeX, Version 3.1415926-2.5-1.40.14 (MiKTeX 2.9 64-bit) (preloaded format=pdflatex 2015.6.9)  25 JUL 2016 19:39
entering extended mode
**main.tex
(C:\Users\Bailu\Workspace\github\txn_batch\paper\tech_report\main.tex
LaTeX2e <2011/06/27>
Babel <v3.8m> and hyphenation patterns for english, afrikaans, ancientgreek, ar
abic, armenian, assamese, basque, bengali, bokmal, bulgarian, catalan, coptic, 
croatian, czech, danish, dutch, esperanto, estonian, farsi, finnish, french, ga
lician, german, german-x-2013-05-26, greek, gujarati, hindi, hungarian, iceland
ic, indonesian, interlingua, irish, italian, kannada, kurmanji, latin, latvian,
 lithuanian, malayalam, marathi, mongolian, mongolianlmc, monogreek, ngerman, n
german-x-2013-05-26, nynorsk, oriya, panjabi, pinyin, polish, portuguese, roman
ian, russian, sanskrit, serbian, slovak, slovenian, spanish, swedish, swissgerm
an, tamil, telugu, turkish, turkmen, ukenglish, ukrainian, uppersorbian, usengl
ishmax, welsh, loaded.
(C:\Users\Bailu\Workspace\github\txn_batch\paper\tech_report\vldb.cls
("C:\Program Files\MiKTeX 2.9\tex\latex\geometry\geometry.sty"
Package: geometry 2010/09/12 v5.6 Page Geometry

("C:\Program Files\MiKTeX 2.9\tex\latex\graphics\keyval.sty"
Package: keyval 1999/03/16 v1.13 key=value parser (DPC)
\KV@toks@=\toks14
)
("C:\Program Files\MiKTeX 2.9\tex\generic\oberdiek\ifpdf.sty"
Package: ifpdf 2011/01/30 v2.3 Provides the ifpdf switch (HO)
Package ifpdf Info: pdfTeX in PDF mode is detected.
)
("C:\Program Files\MiKTeX 2.9\tex\generic\oberdiek\ifvtex.sty"
Package: ifvtex 2010/03/01 v1.5 Detect VTeX and its facilities (HO)
Package ifvtex Info: VTeX not detected.
)
("C:\Program Files\MiKTeX 2.9\tex\generic\ifxetex\ifxetex.sty"
Package: ifxetex 2010/09/12 v0.6 Provides ifxetex conditional
)
\Gm@cnth=\count79
\Gm@cntv=\count80
\c@Gm@tempcnt=\count81
\Gm@bindingoffset=\dimen102
\Gm@wd@mp=\dimen103
\Gm@odd@mp=\dimen104
\Gm@even@mp=\dimen105
\Gm@layoutwidth=\dimen106
\Gm@layoutheight=\dimen107
\Gm@layouthoffset=\dimen108
\Gm@layoutvoffset=\dimen109
\Gm@dimlist=\toks15

("C:\Program Files\MiKTeX 2.9\tex\latex\geometry\geometry.cfg"))
("C:\Program Files\MiKTeX 2.9\tex\latex\graphics\epsfig.sty"
Package: epsfig 1999/02/16 v1.7a (e)psfig emulation (SPQR)

("C:\Program Files\MiKTeX 2.9\tex\latex\graphics\graphicx.sty"
Package: graphicx 1999/02/16 v1.0f Enhanced LaTeX Graphics (DPC,SPQR)

("C:\Program Files\MiKTeX 2.9\tex\latex\graphics\graphics.sty"
Package: graphics 2009/02/05 v1.0o Standard LaTeX Graphics (DPC,SPQR)

("C:\Program Files\MiKTeX 2.9\tex\latex\graphics\trig.sty"
Package: trig 1999/03/16 v1.09 sin cos tan (DPC)
)
("C:\Program Files\MiKTeX 2.9\tex\latex\00miktex\graphics.cfg"
File: graphics.cfg 2007/01/18 v1.5 graphics configuration of teTeX/TeXLive
)
Package graphics Info: Driver file: pdftex.def on input line 91.

("C:\Program Files\MiKTeX 2.9\tex\latex\pdftex-def\pdftex.def"
File: pdftex.def 2011/05/27 v0.06d Graphics/color for pdfTeX

("C:\Program Files\MiKTeX 2.9\tex\generic\oberdiek\infwarerr.sty"
Package: infwarerr 2010/04/08 v1.3 Providing info/warning/error messages (HO)
)
("C:\Program Files\MiKTeX 2.9\tex\generic\oberdiek\ltxcmds.sty"
Package: ltxcmds 2011/11/09 v1.22 LaTeX kernel commands for general use (HO)
)
\Gread@gobject=\count82
))
\Gin@req@height=\dimen110
\Gin@req@width=\dimen111
)
\epsfxsize=\dimen112
\epsfysize=\dimen113
)
("C:\Program Files\MiKTeX 2.9\tex\latex\amsfonts\amssymb.sty"
Package: amssymb 2013/01/14 v3.01 AMS font symbols

("C:\Program Files\MiKTeX 2.9\tex\latex\amsfonts\amsfonts.sty"
Package: amsfonts 2013/01/14 v3.01 Basic AMSFonts support
\@emptytoks=\toks16
\symAMSa=\mathgroup4
\symAMSb=\mathgroup5
LaTeX Font Info:    Overwriting math alphabet `\mathfrak' in version `bold'
(Font)                  U/euf/m/n --> U/euf/b/n on input line 106.
))
("C:\Program Files\MiKTeX 2.9\tex\latex\amsmath\amsmath.sty"
Package: amsmath 2013/01/14 v2.14 AMS math features
\@mathmargin=\skip41

For additional information on amsmath, use the `?' option.
("C:\Program Files\MiKTeX 2.9\tex\latex\amsmath\amstext.sty"
Package: amstext 2000/06/29 v2.01

("C:\Program Files\MiKTeX 2.9\tex\latex\amsmath\amsgen.sty"
File: amsgen.sty 1999/11/30 v2.0
\@emptytoks=\toks17
\ex@=\dimen114
))
("C:\Program Files\MiKTeX 2.9\tex\latex\amsmath\amsbsy.sty"
Package: amsbsy 1999/11/29 v1.2d
\pmbraise@=\dimen115
)
("C:\Program Files\MiKTeX 2.9\tex\latex\amsmath\amsopn.sty"
Package: amsopn 1999/12/14 v2.01 operator names
)
\inf@bad=\count83
LaTeX Info: Redefining \frac on input line 210.
\uproot@=\count84
\leftroot@=\count85
LaTeX Info: Redefining \overline on input line 306.
\classnum@=\count86
\DOTSCASE@=\count87
LaTeX Info: Redefining \ldots on input line 378.
LaTeX Info: Redefining \dots on input line 381.
LaTeX Info: Redefining \cdots on input line 466.
\Mathstrutbox@=\box26
\strutbox@=\box27
\big@size=\dimen116
LaTeX Font Info:    Redeclaring font encoding OML on input line 566.
LaTeX Font Info:    Redeclaring font encoding OMS on input line 567.
\macc@depth=\count88
\c@MaxMatrixCols=\count89
\dotsspace@=\muskip10
\c@parentequation=\count90
\dspbrk@lvl=\count91
\tag@help=\toks18
\row@=\count92
\column@=\count93
\maxfields@=\count94
\andhelp@=\toks19
\eqnshift@=\dimen117
\alignsep@=\dimen118
\tagshift@=\dimen119
\tagwidth@=\dimen120
\totwidth@=\dimen121
\lineht@=\dimen122
\@envbody=\toks20
\multlinegap=\skip42
\multlinetaggap=\skip43
\mathdisplay@stack=\toks21
LaTeX Info: Redefining \[ on input line 2665.
LaTeX Info: Redefining \] on input line 2666.
)
Document Class 'vldb' - based on 'sig-alternate' <26th. July '05>. Modified by 
G.K.M. Tobin/Gerry Murray
Based in part upon document Style `acmconf' <22 May 89>. Hacked 4/91 by
shivers@cs.cmu.edu, 4/93 by theobald@cs.mcgill.ca
Excerpts were taken from (Journal Style) 'esub2acm.cls'.
****** Bugs/comments/suggestions/technicalities to Gerry Murray -- murray@hq.ac
m.org ******
Questions on the style, SIGS policies, etc. to Adrienne Griscti griscti@acm.org

\footheight=\dimen123
\@maxsep=\dimen124
\@dblmaxsep=\dimen125
\aucount=\count95
\originalaucount=\count96
\auwidth=\dimen126
\auskip=\dimen127
\auskipcount=\count97
\auskip=\dimen128
\allauboxes=\dimen129
\addauthors=\toks22
\addauflag=\count98
\subtitletext=\toks23
\savesection=\count99
\sectioncntr=\count100
\c@figure=\count101
\c@table=\count102
\titleboxnotes=\toks24
\titleboxnoteflag=\count103
Document Class: vldb 2010/10/19 - V1.8b - based on sig-alternate V1.8 - based o
n acmproc.cls V1.3 <Nov. 30 '99>
("C:\Program Files\MiKTeX 2.9\tex\latex\base\latexsym.sty"
Package: latexsym 1998/08/17 v2.2e Standard LaTeX package (lasy symbols)
\symlasy=\mathgroup6
LaTeX Font Info:    Overwriting symbol font `lasy' in version `bold'
(Font)                  U/lasy/m/n --> U/lasy/b/n on input line 47.
)
\@acmtitlebox=\box28
\titlenotecount=\count104
\tntoks=\toks25
\tntokstwo=\toks26
\tntoksthree=\toks27
\tntoksfour=\toks28
\tntoksfive=\toks29
\catcount=\count105
\copyrightnotice=\toks30
\conf=\toks31
\confinfo=\toks32
\c@part=\count106
\c@section=\count107
\c@subsection=\count108
\c@subsubsection=\count109
\c@paragraph=\count110

Using 'Abbrev' bibliography style
\bibindent=\dimen130
\colcntr=\count111
\savebox=\box29
\copyrtyr=\toks33
\acmcopyr=\toks34
\boilerplate=\toks35
\copyrightetc=\toks36
) ("C:\Program Files\MiKTeX 2.9\tex\latex\preprint\balance.sty"
Package: balance 1999/02/23 4.3 (PWD)
\oldvsize=\dimen131
)
("C:\Program Files\MiKTeX 2.9\tex\latex\algorithm2e\algorithm2e.sty"
Package: algorithm2e 2013/01/06 v5.00 algorithms environments
\c@AlgoLine=\count112

("C:\Program Files\MiKTeX 2.9\tex\latex\base\ifthen.sty"
Package: ifthen 2001/05/26 v1.1c Standard LaTeX ifthen package (DPC)
)
("C:\Program Files\MiKTeX 2.9\tex\latex\tools\xspace.sty"
Package: xspace 2009/10/20 v1.13 Space after command names (DPC,MH)
)
("C:\Program Files\MiKTeX 2.9\tex\latex\ltxmisc\relsize.sty"
Package: relsize 2003/07/04 ver 3.1


Package relsize Warning: Failed to get list of font sizes.
(relsize)                Falling back to old definition. on input line 81.

)
********************************************************
Package `algorithm2e' Release 5.0 -- january 06 2013 --
- algorithm2e-announce@lirmm.fr mailing list for announcement about releases
- algorithm2e-discussion@lirmm.fr mailing list for discussion about package
subscribe by emailing sympa@lirmm.fr with 'subscribe <list> <firstname name>'
- Author: Christophe Fiorio (cfiorio@um2.fr)
********************************************************
\skiptotal=\skip44
\skiplinenumber=\skip45
\skiprule=\skip46
\skiphlne=\skip47
\skiptext=\skip48
\skiplength=\skip49
\algomargin=\skip50
\skipalgocfslide=\skip51
\algowidth=\dimen132
\inoutsize=\dimen133
\inoutindent=\dimen134
\interspacetitleruled=\dimen135
\interspacealgoruled=\dimen136
\interspacetitleboxruled=\dimen137
\algocf@inoutbox=\box30
\algocf@inputbox=\box31
\AlCapSkip=\skip52
\AlCapHSkip=\skip53
\algoskipindent=\skip54
\algocf@nlbox=\box32
\algocf@hangingbox=\box33
\algocf@untilbox=\box34
\algocf@skipuntil=\skip55
\algocf@capbox=\box35
\algoheightruledefault=\skip56
\algoheightrule=\skip57
\algotitleheightruledefault=\skip58
\algotitleheightrule=\skip59
\c@algocfline=\count113
\c@algocfproc=\count114
\c@algocf=\count115
\algocf@algoframe=\box36
\algocf@algobox=\box37
) ("C:\Program Files\MiKTeX 2.9\tex\latex\caption\caption.sty"
Package: caption 2013/05/02 v3.3-89 Customizing captions (AR)

("C:\Program Files\MiKTeX 2.9\tex\latex\caption\caption3.sty"
Package: caption3 2013/05/02 v1.6-88 caption3 kernel (AR)
Package caption3 Info: TeX engine: e-TeX on input line 57.
\captionmargin=\dimen138
\captionmargin@=\dimen139
\captionwidth=\dimen140
\caption@tempdima=\dimen141
\caption@indent=\dimen142
\caption@parindent=\dimen143
\caption@hangindent=\dimen144
\abovecaptionskip=\skip60
\belowcaptionskip=\skip61
Package caption Info: Unknown document class (or package),
(caption)             standard defaults will be used.
)

Package caption Warning: Unsupported document class (or package) detected,
(caption)                usage of the caption package is not recommended.
See the caption package documentation for explanation.

Package caption Info: \@makecaption = \long macro:#1#2-> \vskip 10pt \setbox \@
tempboxa \hbox {\textbf {#1: #2}} \ifdim \wd \@tempboxa >\hsize \textbf {#1: #2
}\par \else \hbox to\hsize {\hfil \box \@tempboxa \hfil } \fi .
\c@ContinuedFloat=\count116
) ("C:\Program Files\MiKTeX 2.9\tex\latex\caption\subcaption.sty"
Package: subcaption 2013/02/03 v1.1-62 Sub-captions (AR)
\c@subfigure=\count117
\c@subtable=\count118
)
("C:\Program Files\MiKTeX 2.9\tex\latex\graphics\color.sty"
Package: color 2005/11/14 v1.0j Standard LaTeX Color (DPC)

("C:\Program Files\MiKTeX 2.9\tex\latex\00miktex\color.cfg"
File: color.cfg 2007/01/18 v1.5 color configuration of teTeX/TeXLive
)
Package color Info: Driver file: pdftex.def on input line 130.
)
(C:\Users\Bailu\Workspace\github\txn_batch\paper\tech_report\main.aux)
LaTeX Font Info:    Checking defaults for OML/cmm/m/it on input line 26.
LaTeX Font Info:    ... okay on input line 26.
LaTeX Font Info:    Checking defaults for T1/cmr/m/n on input line 26.
LaTeX Font Info:    ... okay on input line 26.
LaTeX Font Info:    Checking defaults for OT1/cmr/m/n on input line 26.
LaTeX Font Info:    ... okay on input line 26.
LaTeX Font Info:    Checking defaults for OMS/cmsy/m/n on input line 26.
LaTeX Font Info:    ... okay on input line 26.
LaTeX Font Info:    Checking defaults for OMX/cmex/m/n on input line 26.
LaTeX Font Info:    ... okay on input line 26.
LaTeX Font Info:    Checking defaults for U/cmr/m/n on input line 26.
LaTeX Font Info:    ... okay on input line 26.

*geometry* detected driver: pdftex
*geometry* verbose mode - [ preamble ] result:
* driver: pdftex
* paper: letterpaper
* layout: <same size as paper>
* layoutoffset:(h,v)=(0.0pt,0.0pt)
* modes: twoside 
* h-part:(L,W,R)=(92.14519pt, 430.00462pt, 92.14519pt)
* v-part:(T,H,B)=(95.39737pt, 556.47656pt, 143.09605pt)
* \paperwidth=614.295pt
* \paperheight=794.96999pt
* \textwidth=504.0pt
* \textheight=666.0pt
* \oddsidemargin=-18.26999pt
* \evensidemargin=-18.26999pt
* \topmargin=-55.26999pt
* \headheight=12.0pt
* \headsep=25.0pt
* \topskip=10.0pt
* \footskip=30.0pt
* \marginparwidth=0.0pt
* \marginparsep=11.0pt
* \columnsep=24.0pt
* \skip\footins=8.1pt plus 4.0pt minus 2.0pt
* \hoffset=0.0pt
* \voffset=0.0pt
* \mag=1000
* \@twocolumntrue
* \@twosidetrue
* \@mparswitchtrue
* \@reversemarginfalse
* (1in=72.27pt=25.4mm, 1cm=28.453pt)

("C:\Program Files\MiKTeX 2.9\tex\context\base\supp-pdf.mkii"
[Loading MPS to PDF converter (version 2006.09.02).]
\scratchcounter=\count119
\scratchdimen=\dimen145
\scratchbox=\box38
\nofMPsegments=\count120
\nofMParguments=\count121
\everyMPshowfont=\toks37
\MPscratchCnt=\count122
\MPscratchDim=\dimen146
\MPnumerator=\count123
\makeMPintoPDFobject=\count124
\everyMPtoPDFconversion=\toks38
)
Package caption Info: Begin \AtBeginDocument code.
Package caption Info: End \AtBeginDocument code.
LaTeX Font Info:    Try loading font information for U+msa on input line 78.
 ("C:\Program Files\MiKTeX 2.9\tex\latex\amsfonts\umsa.fd"
File: umsa.fd 2013/01/14 v3.01 AMS symbols A
)
LaTeX Font Info:    Try loading font information for U+msb on input line 78.

("C:\Program Files\MiKTeX 2.9\tex\latex\amsfonts\umsb.fd"
File: umsb.fd 2013/01/14 v3.01 AMS symbols B
)
LaTeX Font Info:    Try loading font information for U+lasy on input line 78.

("C:\Program Files\MiKTeX 2.9\tex\latex\base\ulasy.fd"
File: ulasy.fd 1998/08/17 v2.2e LaTeX symbol font definitions
)

LaTeX Warning: No \author given.

(C:\Users\Bailu\Workspace\github\txn_batch\paper\tech_report\introduction.tex
Overfull \hbox (2.15399pt too wide) in paragraph at lines 4--5
[]\OT1/cmr/m/n/9 Transaction pro-cess-ing is a fun-da-men-tal as-pect of databa
se
 []


Overfull \hbox (1.72609pt too wide) in paragraph at lines 4--5
\OT1/cmr/m/n/9 creased through \OT1/cmr/m/it/9 batch-ing\OT1/cmr/m/n/9 -based o
p-ti-miza-tions, whereby some
 []


Overfull \hbox (4.30501pt too wide) in paragraph at lines 21--24
[]\OT1/cmr/m/n/9 The ar-chi-tec-ture of OCC with back-ward val-i-da-tion presen
ts
 []


Underfull \vbox (badness 10000) has occurred while \output is active []

 [1{C:/ProgramData/MiKTeX/2.9/pdftex/config/pdftex.map}


]
<figures/OCCArchitecture.pdf, id=11, 694.92068pt x 425.69304pt>
File: figures/OCCArchitecture.pdf Graphic file (type pdf)

<use figures/OCCArchitecture.pdf>
Package pdftex.def Info: figures/OCCArchitecture.pdf used on input line 36.
(pdftex.def)             Requested size: 215.99854pt x 132.31424pt.

Underfull \vbox (badness 3942) has occurred while \output is active []

)
(C:\Users\Bailu\Workspace\github\txn_batch\paper\tech_report\background.tex
[2 <C:/Users/Bailu/Workspace/github/txn_batch/paper/tech_report/figures/OCCArch
itecture.pdf>])
(C:\Users\Bailu\Workspace\github\txn_batch\paper\tech_report\overview.tex
Underfull \vbox (badness 1558) has occurred while \output is active []

)
(C:\Users\Bailu\Workspace\github\txn_batch\paper\tech_report\reorder.tex
[3] <./alg_fig/fvs-eg.pdf, id=113, 462.72874pt x 359.3425pt>
File: ./alg_fig/fvs-eg.pdf Graphic file (type pdf)

<use ./alg_fig/fvs-eg.pdf>
Package pdftex.def Info: ./alg_fig/fvs-eg.pdf used on input line 19.
(pdftex.def)             Requested size: 72.00073pt x 55.91135pt.
 [4 <C:/Users/Bailu/Workspace/github/txn_batch/paper/tech_report/alg_fig/fvs-eg
.pdf>]
<./alg_fig/scc-g0.pdf, id=129, 425.59pt x 462.72874pt>
File: ./alg_fig/scc-g0.pdf Graphic file (type pdf)

<use ./alg_fig/scc-g0.pdf>
Package pdftex.def Info: ./alg_fig/scc-g0.pdf used on input line 156.
(pdftex.def)             Requested size: 95.76123pt x 104.11653pt.

<./alg_fig/scc-g1.pdf, id=130, 425.59pt x 462.72874pt>
File: ./alg_fig/scc-g1.pdf Graphic file (type pdf)

<use ./alg_fig/scc-g1.pdf>
Package pdftex.def Info: ./alg_fig/scc-g1.pdf used on input line 162.
(pdftex.def)             Requested size: 95.76123pt x 104.11653pt.

<./alg_fig/scc-g3.pdf, id=131, 425.59pt x 462.72874pt>
File: ./alg_fig/scc-g3.pdf Graphic file (type pdf)

<use ./alg_fig/scc-g3.pdf>
Package pdftex.def Info: ./alg_fig/scc-g3.pdf used on input line 168.
(pdftex.def)             Requested size: 95.76123pt x 104.11653pt.

<./alg_fig/scc-g5.pdf, id=132, 425.59pt x 462.72874pt>
File: ./alg_fig/scc-g5.pdf Graphic file (type pdf)

<use ./alg_fig/scc-g5.pdf>
Package pdftex.def Info: ./alg_fig/scc-g5.pdf used on input line 174.
(pdftex.def)             Requested size: 95.76123pt x 104.11653pt.

<./alg_fig/scc-g7.pdf, id=133, 425.59pt x 462.72874pt>
File: ./alg_fig/scc-g7.pdf Graphic file (type pdf)

<use ./alg_fig/scc-g7.pdf>
Package pdftex.def Info: ./alg_fig/scc-g7.pdf used on input line 180.
(pdftex.def)             Requested size: 95.76123pt x 104.11653pt.

<./alg_fig/simple-g0.pdf, id=134, 425.59pt x 462.72874pt>
File: ./alg_fig/simple-g0.pdf Graphic file (type pdf)

<use ./alg_fig/simple-g0.pdf>
Package pdftex.def Info: ./alg_fig/simple-g0.pdf used on input line 195.
(pdftex.def)             Requested size: 95.76123pt x 104.11653pt.

<./alg_fig/simple-g2.pdf, id=135, 425.59pt x 462.72874pt>
File: ./alg_fig/simple-g2.pdf Graphic file (type pdf)

<use ./alg_fig/simple-g2.pdf>
Package pdftex.def Info: ./alg_fig/simple-g2.pdf used on input line 201.
(pdftex.def)             Requested size: 95.76123pt x 104.11653pt.

<./alg_fig/simple-g4.pdf, id=136, 425.59pt x 462.72874pt>
File: ./alg_fig/simple-g4.pdf Graphic file (type pdf)

<use ./alg_fig/simple-g4.pdf>
Package pdftex.def Info: ./alg_fig/simple-g4.pdf used on input line 207.
(pdftex.def)             Requested size: 95.76123pt x 104.11653pt.

<./alg_fig/simple-g6.pdf, id=137, 425.59pt x 462.72874pt>
File: ./alg_fig/simple-g6.pdf Graphic file (type pdf)

<use ./alg_fig/simple-g6.pdf>
Package pdftex.def Info: ./alg_fig/simple-g6.pdf used on input line 213.
(pdftex.def)             Requested size: 95.76123pt x 104.11653pt.

<./alg_fig/simple-g8.pdf, id=138, 425.59pt x 462.72874pt>
File: ./alg_fig/simple-g8.pdf Graphic file (type pdf)

<use ./alg_fig/simple-g8.pdf>
Package pdftex.def Info: ./alg_fig/simple-g8.pdf used on input line 219.
(pdftex.def)             Requested size: 95.76123pt x 104.11653pt.
 [5]
Underfull \vbox (badness 10000) has occurred while \output is active []

 [6 <C:/Users/Bailu/Workspace/github/txn_batch/paper/tech_report/alg_fig/scc-g0
.pdf> <C:/Users/Bailu/Workspace/github/txn_batch/paper/tech_report/alg_fig/scc-
g1.pdf

pdfTeX warning: pdflatex.exe (file C:/Users/Bailu/Workspace/github/txn_batch/pa
per/tech_report/alg_fig/scc-g1.pdf): PDF inclusion: multiple pdfs with page gro
up included in a single page
> <C:/Users/Bailu/Workspace/github/txn_batch/paper/tech_report/alg_fig/scc-g3.p
df

pdfTeX warning: pdflatex.exe (file C:/Users/Bailu/Workspace/github/txn_batch/pa
per/tech_report/alg_fig/scc-g3.pdf): PDF inclusion: multiple pdfs with page gro
up included in a single page
> <C:/Users/Bailu/Workspace/github/txn_batch/paper/tech_report/alg_fig/scc-g5.p
df

pdfTeX warning: pdflatex.exe (file C:/Users/Bailu/Workspace/github/txn_batch/pa
per/tech_report/alg_fig/scc-g5.pdf): PDF inclusion: multiple pdfs with page gro
up included in a single page
> <C:/Users/Bailu/Workspace/github/txn_batch/paper/tech_report/alg_fig/scc-g7.p
df

pdfTeX warning: pdflatex.exe (file C:/Users/Bailu/Workspace/github/txn_batch/pa
per/tech_report/alg_fig/scc-g7.pdf): PDF inclusion: multiple pdfs with page gro
up included in a single page
> <C:/Users/Bailu/Workspace/github/txn_batch/paper/tech_report/alg_fig/simple-g
0.pdf

pdfTeX warning: pdflatex.exe (file C:/Users/Bailu/Workspace/github/txn_batch/pa
per/tech_report/alg_fig/simple-g0.pdf): PDF inclusion: multiple pdfs with page 
group included in a single page
> <C:/Users/Bailu/Workspace/github/txn_batch/paper/tech_report/alg_fig/simple-g
2.pdf

pdfTeX warning: pdflatex.exe (file C:/Users/Bailu/Workspace/github/txn_batch/pa
per/tech_report/alg_fig/simple-g2.pdf): PDF inclusion: multiple pdfs with page 
group included in a single page
> <C:/Users/Bailu/Workspace/github/txn_batch/paper/tech_report/alg_fig/simple-g
4.pdf

pdfTeX warning: pdflatex.exe (file C:/Users/Bailu/Workspace/github/txn_batch/pa
per/tech_report/alg_fig/simple-g4.pdf): PDF inclusion: multiple pdfs with page 
group included in a single page
> <C:/Users/Bailu/Workspace/github/txn_batch/paper/tech_report/alg_fig/simple-g
6.pdf

pdfTeX warning: pdflatex.exe (file C:/Users/Bailu/Workspace/github/txn_batch/pa
per/tech_report/alg_fig/simple-g6.pdf): PDF inclusion: multiple pdfs with page 
group included in a single page
> <C:/Users/Bailu/Workspace/github/txn_batch/paper/tech_report/alg_fig/simple-g
8.pdf

pdfTeX warning: pdflatex.exe (file C:/Users/Bailu/Workspace/github/txn_batch/pa
per/tech_report/alg_fig/simple-g8.pdf): PDF inclusion: multiple pdfs with page 
group included in a single page
>]) (C:\Users\Bailu\Workspace\github\txn_batch\paper\tech_report\experiment.tex

Overfull \hbox (6.74213pt too wide) in paragraph at lines 17--18
[]\OT1/cmr/m/n/9 The trans-ac-tion gen-er-a-tor con-tin-u-ously pro-duces new t
rans-
 []

<./exp_fig/fvs/fvs.pdf, id=229, 403.5075pt x 308.15125pt>
File: ./exp_fig/fvs/fvs.pdf Graphic file (type pdf)

<use ./exp_fig/fvs/fvs.pdf>
Package pdftex.def Info: ./exp_fig/fvs/fvs.pdf used on input line 40.
(pdftex.def)             Requested size: 161.28369pt x 123.16896pt.

<./exp_fig/fvs/latency.pdf, id=230, 412.54124pt x 309.155pt>
File: ./exp_fig/fvs/latency.pdf Graphic file (type pdf)

<use ./exp_fig/fvs/latency.pdf>
Package pdftex.def Info: ./exp_fig/fvs/latency.pdf used on input line 47.
(pdftex.def)             Requested size: 161.28369pt x 120.86714pt.

<./exp_fig/fvs/tps.pdf, id=231, 412.54124pt x 309.155pt>
File: ./exp_fig/fvs/tps.pdf Graphic file (type pdf)

<use ./exp_fig/fvs/tps.pdf>
Package pdftex.def Info: ./exp_fig/fvs/tps.pdf used on input line 54.
(pdftex.def)             Requested size: 161.28369pt x 120.86714pt.

<./exp_fig/fvs/percent95_latency.pdf, id=232, 401.5pt x 295.1025pt>
File: ./exp_fig/fvs/percent95_latency.pdf Graphic file (type pdf)

<use ./exp_fig/fvs/percent95_latency.pdf>
Package pdftex.def Info: ./exp_fig/fvs/percent95_latency.pdf used on input line
 66.
(pdftex.def)             Requested size: 161.28369pt x 118.54773pt.

<./exp_fig/bsize/tps.pdf, id=233, 412.54124pt x 309.155pt>
File: ./exp_fig/bsize/tps.pdf Graphic file (type pdf)

<use ./exp_fig/bsize/tps.pdf>
Package pdftex.def Info: ./exp_fig/bsize/tps.pdf used on input line 73.
(pdftex.def)             Requested size: 161.28369pt x 120.86714pt.

Underfull \hbox (badness 1546) in paragraph at lines 75--75
[]\OT1/cmr/m/n/9 Figure 9: |Through-put with var-i-ous
 []

<./exp_fig/bsize/abort.pdf, id=234, 412.54124pt x 309.155pt>
File: ./exp_fig/bsize/abort.pdf Graphic file (type pdf)

<use ./exp_fig/bsize/abort.pdf>
Package pdftex.def Info: ./exp_fig/bsize/abort.pdf used on input line 80.
(pdftex.def)             Requested size: 161.28369pt x 120.86714pt.

<./exp_fig/bsize/percent95_latency.pdf, id=235, 401.5pt x 295.1025pt>
File: ./exp_fig/bsize/percent95_latency.pdf Graphic file (type pdf)

<use ./exp_fig/bsize/percent95_latency.pdf>
Package pdftex.def Info: ./exp_fig/bsize/percent95_latency.pdf used on input li
ne 92.
(pdftex.def)             Requested size: 161.28369pt x 118.54773pt.

<./exp_fig/basic/tps.pdf, id=236, 412.54124pt x 309.155pt>
File: ./exp_fig/basic/tps.pdf Graphic file (type pdf)

<use ./exp_fig/basic/tps.pdf>
Package pdftex.def Info: ./exp_fig/basic/tps.pdf used on input line 99.
(pdftex.def)             Requested size: 161.28369pt x 120.86714pt.

<./exp_fig/basic/abort.pdf, id=237, 412.54124pt x 309.155pt>
File: ./exp_fig/basic/abort.pdf Graphic file (type pdf)

<use ./exp_fig/basic/abort.pdf>
Package pdftex.def Info: ./exp_fig/basic/abort.pdf used on input line 106.
(pdftex.def)             Requested size: 161.28369pt x 120.86714pt.

<./exp_fig/basic/preabort.pdf, id=238, 412.54124pt x 309.155pt>
File: ./exp_fig/basic/preabort.pdf Graphic file (type pdf)

<use ./exp_fig/basic/preabort.pdf>
Package pdftex.def Info: ./exp_fig/basic/preabort.pdf used on input line 118.
(pdftex.def)             Requested size: 161.28369pt x 120.86714pt.

<./exp_fig/basic/in_batch_abort.pdf, id=239, 407.5225pt x 309.155pt>
File: ./exp_fig/basic/in_batch_abort.pdf Graphic file (type pdf)

<use ./exp_fig/basic/in_batch_abort.pdf>
Package pdftex.def Info: ./exp_fig/basic/in_batch_abort.pdf used on input line 
125.
(pdftex.def)             Requested size: 161.28369pt x 122.3531pt.

<./exp_fig/basic/percent95_latency.pdf, id=240, 397.485pt x 295.1025pt>
File: ./exp_fig/basic/percent95_latency.pdf Graphic file (type pdf)

<use ./exp_fig/basic/percent95_latency.pdf>
Package pdftex.def Info: ./exp_fig/basic/percent95_latency.pdf used on input li
ne 132.
(pdftex.def)             Requested size: 161.28369pt x 119.7455pt.

Underfull \hbox (badness 1286) in paragraph at lines 134--134
[]\OT1/cmr/m/n/9 Figure 16: |Per-centile la-tency un-der
 []

<./exp_fig/restart/tps.pdf, id=241, 412.54124pt x 309.155pt>
File: ./exp_fig/restart/tps.pdf Graphic file (type pdf)

<use ./exp_fig/restart/tps.pdf>
Package pdftex.def Info: ./exp_fig/restart/tps.pdf used on input line 144.
(pdftex.def)             Requested size: 161.28369pt x 120.86714pt.

<./exp_fig/restart/abort.pdf, id=242, 412.54124pt x 309.155pt>
File: ./exp_fig/restart/abort.pdf Graphic file (type pdf)

<use ./exp_fig/restart/abort.pdf>
Package pdftex.def Info: ./exp_fig/restart/abort.pdf used on input line 151.
(pdftex.def)             Requested size: 161.28369pt x 120.86714pt.

<./exp_fig/restart/percent100_latency.pdf, id=243, 409.53pt x 295.1025pt>
File: ./exp_fig/restart/percent100_latency.pdf Graphic file (type pdf)

<use ./exp_fig/restart/percent100_latency.pdf>
Package pdftex.def Info: ./exp_fig/restart/percent100_latency.pdf used on input
 line 158.
(pdftex.def)             Requested size: 161.28369pt x 116.21973pt.

<./exp_fig/weighted_size/tps.pdf, id=244, 412.54124pt x 309.155pt>
File: ./exp_fig/weighted_size/tps.pdf Graphic file (type pdf)

<use ./exp_fig/weighted_size/tps.pdf>
Package pdftex.def Info: ./exp_fig/weighted_size/tps.pdf used on input line 170
.
(pdftex.def)             Requested size: 161.28369pt x 120.86714pt.

<./exp_fig/weighted_size/abort.pdf, id=245, 412.54124pt x 309.155pt>
File: ./exp_fig/weighted_size/abort.pdf Graphic file (type pdf)

<use ./exp_fig/weighted_size/abort.pdf>
Package pdftex.def Info: ./exp_fig/weighted_size/abort.pdf used on input line 1
77.
(pdftex.def)             Requested size: 161.28369pt x 120.86714pt.

<./exp_fig/weighted_size/percent95_latency.pdf, id=246, 397.485pt x 295.1025pt>
File: ./exp_fig/weighted_size/percent95_latency.pdf Graphic file (type pdf)
<use ./exp_fig/weighted_size/percent95_latency.pdf>
Package pdftex.def Info: ./exp_fig/weighted_size/percent95_latency.pdf used on 
input line 184.
(pdftex.def)             Requested size: 161.28369pt x 119.7455pt.

<./exp_fig/weighted_size/tps_1.pdf, id=247, 407.5225pt x 309.155pt>
File: ./exp_fig/weighted_size/tps_1.pdf Graphic file (type pdf)

<use ./exp_fig/weighted_size/tps_1.pdf>
Package pdftex.def Info: ./exp_fig/weighted_size/tps_1.pdf used on input line 1
96.
(pdftex.def)             Requested size: 161.28369pt x 122.3531pt.

<./exp_fig/weighted_size/abort_1.pdf, id=248, 412.54124pt x 309.155pt>
File: ./exp_fig/weighted_size/abort_1.pdf Graphic file (type pdf)

<use ./exp_fig/weighted_size/abort_1.pdf>
Package pdftex.def Info: ./exp_fig/weighted_size/abort_1.pdf used on input line
 203.
(pdftex.def)             Requested size: 161.28369pt x 120.86714pt.

<./exp_fig/weighted_size/percent95_latency_1.pdf, id=249, 397.485pt x 295.1025p
t>
File: ./exp_fig/weighted_size/percent95_latency_1.pdf Graphic file (type pdf)
 <use ./exp_fig/weighted_size/percent95_latency_1.pdf>
Package pdftex.def Info: ./exp_fig/weighted_size/percent95_latency_1.pdf used o
n input line 210.
(pdftex.def)             Requested size: 161.28369pt x 119.7455pt.

<./exp_fig/cluster/tps.pdf, id=250, 412.54124pt x 309.155pt>
File: ./exp_fig/cluster/tps.pdf Graphic file (type pdf)

<use ./exp_fig/cluster/tps.pdf>
Package pdftex.def Info: ./exp_fig/cluster/tps.pdf used on input line 223.
(pdftex.def)             Requested size: 161.28369pt x 120.86714pt.

<./exp_fig/cluster/abort.pdf, id=251, 412.54124pt x 309.155pt>
File: ./exp_fig/cluster/abort.pdf Graphic file (type pdf)

<use ./exp_fig/cluster/abort.pdf>
Package pdftex.def Info: ./exp_fig/cluster/abort.pdf used on input line 230.
(pdftex.def)             Requested size: 161.28369pt x 120.86714pt.

<./exp_fig/cluster/percent95_latency.pdf, id=252, 393.47pt x 295.1025pt>
File: ./exp_fig/cluster/percent95_latency.pdf Graphic file (type pdf)

<use ./exp_fig/cluster/percent95_latency.pdf>
Package pdftex.def Info: ./exp_fig/cluster/percent95_latency.pdf used on input 
line 237.
(pdftex.def)             Requested size: 161.28369pt x 120.96127pt.

<./exp_fig/load/Z0.5.tps.pdf, id=253, 414.54875pt x 309.155pt>
File: ./exp_fig/load/Z0.5.tps.pdf Graphic file (type pdf)

<use ./exp_fig/load/Z0.5.tps.pdf>
Package pdftex.def Info: ./exp_fig/load/Z0.5.tps.pdf used on input line 249.
(pdftex.def)             Requested size: 161.28369pt x 120.27748pt.

Underfull \hbox (badness 1888) in paragraph at lines 251--251
[]\OT1/cmr/m/n/9 Figure 29: |Through-put with mi-cro
 []

<./exp_fig/load/Z0.5.latency.pdf, id=254, 414.54875pt x 309.155pt>
File: ./exp_fig/load/Z0.5.latency.pdf Graphic file (type pdf)

<use ./exp_fig/load/Z0.5.latency.pdf>
Package pdftex.def Info: ./exp_fig/load/Z0.5.latency.pdf used on input line 256
.
(pdftex.def)             Requested size: 161.28369pt x 120.27748pt.

<./exp_fig/load/Z0.6.tps.pdf, id=255, 414.54875pt x 309.155pt>
File: ./exp_fig/load/Z0.6.tps.pdf Graphic file (type pdf)

<use ./exp_fig/load/Z0.6.tps.pdf>
Package pdftex.def Info: ./exp_fig/load/Z0.6.tps.pdf used on input line 263.
(pdftex.def)             Requested size: 161.28369pt x 120.27748pt.

Underfull \hbox (badness 1888) in paragraph at lines 265--265
[]\OT1/cmr/m/n/9 Figure 31: |Through-put with mi-cro
 []

<./exp_fig/load/Z0.6.latency.pdf, id=256, 414.54875pt x 309.155pt>
File: ./exp_fig/load/Z0.6.latency.pdf Graphic file (type pdf)

<use ./exp_fig/load/Z0.6.latency.pdf>
Package pdftex.def Info: ./exp_fig/load/Z0.6.latency.pdf used on input line 275
.
(pdftex.def)             Requested size: 161.28369pt x 120.27748pt.

<./exp_fig/load/Z0.7.tps.pdf, id=257, 414.54875pt x 309.155pt>
File: ./exp_fig/load/Z0.7.tps.pdf Graphic file (type pdf)

<use ./exp_fig/load/Z0.7.tps.pdf>
Package pdftex.def Info: ./exp_fig/load/Z0.7.tps.pdf used on input line 282.
(pdftex.def)             Requested size: 161.28369pt x 120.27748pt.

Underfull \hbox (badness 1888) in paragraph at lines 284--284
[]\OT1/cmr/m/n/9 Figure 33: |Through-put with mi-cro
 []

<./exp_fig/load/Z0.7.latency.pdf, id=258, 413.545pt x 309.155pt>
File: ./exp_fig/load/Z0.7.latency.pdf Graphic file (type pdf)

<use ./exp_fig/load/Z0.7.latency.pdf>
Package pdftex.def Info: ./exp_fig/load/Z0.7.latency.pdf used on input line 289
.
(pdftex.def)             Requested size: 161.28369pt x 120.57468pt.

<./exp_fig/load/Z0.8.tps.pdf, id=259, 414.54875pt x 309.155pt>
File: ./exp_fig/load/Z0.8.tps.pdf Graphic file (type pdf)

<use ./exp_fig/load/Z0.8.tps.pdf>
Package pdftex.def Info: ./exp_fig/load/Z0.8.tps.pdf used on input line 301.
(pdftex.def)             Requested size: 161.28369pt x 120.27748pt.

Underfull \hbox (badness 1888) in paragraph at lines 303--303
[]\OT1/cmr/m/n/9 Figure 35: |Through-put with mi-cro
 []

<./exp_fig/load/Z0.8.latency.pdf, id=260, 414.54875pt x 309.155pt>
File: ./exp_fig/load/Z0.8.latency.pdf Graphic file (type pdf)

<use ./exp_fig/load/Z0.8.latency.pdf>
Package pdftex.def Info: ./exp_fig/load/Z0.8.latency.pdf used on input line 308
.
(pdftex.def)             Requested size: 161.28369pt x 120.27748pt.

<./exp_fig/load/Z0.9.tps.pdf, id=261, 414.54875pt x 309.155pt>
File: ./exp_fig/load/Z0.9.tps.pdf Graphic file (type pdf)

<use ./exp_fig/load/Z0.9.tps.pdf>
Package pdftex.def Info: ./exp_fig/load/Z0.9.tps.pdf used on input line 315.
(pdftex.def)             Requested size: 161.28369pt x 120.27748pt.

Underfull \hbox (badness 1888) in paragraph at lines 317--317
[]\OT1/cmr/m/n/9 Figure 37: |Through-put with mi-cro
 []

<./exp_fig/load/Z0.9.latency.pdf, id=262, 414.54875pt x 309.155pt>
File: ./exp_fig/load/Z0.9.latency.pdf Graphic file (type pdf)

<use ./exp_fig/load/Z0.9.latency.pdf>
Package pdftex.def Info: ./exp_fig/load/Z0.9.latency.pdf used on input line 327
.
(pdftex.def)             Requested size: 161.28369pt x 120.27748pt.

<./exp_fig/small_bank/Z0.9.tps.pdf, id=263, 414.54875pt x 309.155pt>
File: ./exp_fig/small_bank/Z0.9.tps.pdf Graphic file (type pdf)

<use ./exp_fig/small_bank/Z0.9.tps.pdf>
Package pdftex.def Info: ./exp_fig/small_bank/Z0.9.tps.pdf used on input line 3
34.
(pdftex.def)             Requested size: 161.28369pt x 120.27748pt.

<./exp_fig/small_bank/Z0.9.latency.pdf, id=264, 414.54875pt x 309.155pt>
File: ./exp_fig/small_bank/Z0.9.latency.pdf Graphic file (type pdf)

<use ./exp_fig/small_bank/Z0.9.latency.pdf>
Package pdftex.def Info: ./exp_fig/small_bank/Z0.9.latency.pdf used on input li
ne 341.
(pdftex.def)             Requested size: 161.28369pt x 120.27748pt.

<./exp_fig/small_bank/Z0.8.tps.pdf, id=265, 414.54875pt x 309.155pt>
File: ./exp_fig/small_bank/Z0.8.tps.pdf Graphic file (type pdf)

<use ./exp_fig/small_bank/Z0.8.tps.pdf>
Package pdftex.def Info: ./exp_fig/small_bank/Z0.8.tps.pdf used on input line 3
52.
(pdftex.def)             Requested size: 161.28369pt x 120.27748pt.

<./exp_fig/small_bank/Z0.8.latency.pdf, id=266, 414.54875pt x 309.155pt>
File: ./exp_fig/small_bank/Z0.8.latency.pdf Graphic file (type pdf)

<use ./exp_fig/small_bank/Z0.8.latency.pdf>
Package pdftex.def Info: ./exp_fig/small_bank/Z0.8.latency.pdf used on input li
ne 359.
(pdftex.def)             Requested size: 161.28369pt x 120.27748pt.

Underfull \vbox (badness 1558) has occurred while \output is active []

 [7]
Overfull \hbox (16.57513pt too wide) in paragraph at lines 373--374
[]\OT1/cmr/m/n/9 We test the SCC-based greedy al-go-rithm with the \OT1/cmtt/m/
n/9 max-degree\OT1/cmr/m/n/9 ,
 []


Overfull \hbox (4.61789pt too wide) in paragraph at lines 373--374
\OT1/cmr/m/n/9 ple-men-ta-tions as $\OML/cmm/m/it/9 greedy[]max$\OT1/cmr/m/n/9 
, $\OML/cmm/m/it/9 greedy[]sum$\OT1/cmr/m/n/9 , and $\OML/cmm/m/it/9 greedy[]pr
od$\OT1/cmr/m/n/9 .
 []


Underfull \vbox (badness 10000) has occurred while \output is active []


Underfull \vbox (badness 10000) has occurred while \output is active []

 [8 <C:/Users/Bailu/Workspace/github/txn_batch/paper/tech_report/exp_fig/fvs/fv
s.pdf> <C:/Users/Bailu/Workspace/github/txn_batch/paper/tech_report/exp_fig/fvs
/latency.pdf> <C:/Users/Bailu/Workspace/github/txn_batch/paper/tech_report/exp_
fig/fvs/tps.pdf> <C:/Users/Bailu/Workspace/github/txn_batch/paper/tech_report/e
xp_fig/fvs/percent95_latency.pdf> <C:/Users/Bailu/Workspace/github/txn_batch/pa
per/tech_report/exp_fig/bsize/tps.pdf> <C:/Users/Bailu/Workspace/github/txn_bat
ch/paper/tech_report/exp_fig/bsize/abort.pdf>]
Overfull \hbox (3.14354pt too wide) in paragraph at lines 395--396
[]\OT1/cmr/m/n/9 In sum-mary, the sort-based greedy al-go-rithm is much faster
 []


Overfull \hbox (7.53972pt too wide) in paragraph at lines 395--396
\OT1/cmr/m/n/9 ments use the sort-based greedy al-go-rithm with a \OT1/cmtt/m/n
/9 prod-degree
 []


Overfull \hbox (3.247pt too wide) in paragraph at lines 421--422
[]\OT1/cmr/m/n/9 Figure 12[], Fig-ure 13[], and Fig-ure 16[] show the good thro
ugh-
 []

[9 <C:/Users/Bailu/Workspace/github/txn_batch/paper/tech_report/exp_fig/bsize/p
ercent95_latency.pdf> <C:/Users/Bailu/Workspace/github/txn_batch/paper/tech_rep
ort/exp_fig/basic/tps.pdf> <C:/Users/Bailu/Workspace/github/txn_batch/paper/tec
h_report/exp_fig/basic/abort.pdf> <C:/Users/Bailu/Workspace/github/txn_batch/pa
per/tech_report/exp_fig/basic/preabort.pdf> <C:/Users/Bailu/Workspace/github/tx
n_batch/paper/tech_report/exp_fig/basic/in_batch_abort.pdf> <C:/Users/Bailu/Wor
kspace/github/txn_batch/paper/tech_report/exp_fig/basic/percent95_latency.pdf>]

Underfull \vbox (badness 10000) has occurred while \output is active []


Underfull \vbox (badness 4072) has occurred while \output is active []

 [10 <C:/Users/Bailu/Workspace/github/txn_batch/paper/tech_report/exp_fig/resta
rt/tps.pdf> <C:/Users/Bailu/Workspace/github/txn_batch/paper/tech_report/exp_fi
g/restart/abort.pdf> <C:/Users/Bailu/Workspace/github/txn_batch/paper/tech_repo
rt/exp_fig/restart/percent100_latency.pdf> <C:/Users/Bailu/Workspace/github/txn
_batch/paper/tech_report/exp_fig/weighted_size/tps.pdf> <C:/Users/Bailu/Workspa
ce/github/txn_batch/paper/tech_report/exp_fig/weighted_size/abort.pdf> <C:/User
s/Bailu/Workspace/github/txn_batch/paper/tech_report/exp_fig/weighted_size/perc
ent95_latency.pdf>]
Overfull \hbox (6.5226pt too wide) in paragraph at lines 456--457
\OT1/cmr/m/n/9 small, the over-all per-for-mance un-der weighted and un-weighte
d
 []


Underfull \vbox (badness 4556) has occurred while \output is active []

 [11 <C:/Users/Bailu/Workspace/github/txn_batch/paper/tech_report/exp_fig/weigh
ted_size/tps_1.pdf> <C:/Users/Bailu/Workspace/github/txn_batch/paper/tech_repor
t/exp_fig/weighted_size/abort_1.pdf> <C:/Users/Bailu/Workspace/github/txn_batch
/paper/tech_report/exp_fig/weighted_size/percent95_latency_1.pdf>])
(C:\Users\Bailu\Workspace\github\txn_batch\paper\tech_report\related.tex
Overfull \hbox (3.87038pt too wide) in paragraph at lines 12--14
\OT1/cmr/m/n/9 only trans-ac-tions in dis-tributed asyn-chronous OCC [16]. This

 []


Underfull \vbox (badness 1558) has occurred while \output is active []


Overfull \hbox (7.28761pt too wide) in paragraph at lines 20--21
\OT1/cmr/m/n/9 where the sched-uler can be dis-tributed. De-ter-min-is-tic sche
dul-
 []


Underfull \vbox (badness 10000) has occurred while \output is active []

 [12])
(C:\Users\Bailu\Workspace\github\txn_batch\paper\tech_report\conclusion.tex)
(C:\Users\Bailu\Workspace\github\txn_batch\paper\tech_report\main.bbl
Underfull \vbox (badness 10000) has occurred while \output is active []

 [13]
Underfull \vbox (badness 10000) has occurred while \output is active []


Underfull \vbox (badness 10000) has occurred while \output is active []

 [14])
[15

] [16 <C:/Users/Bailu/Workspace/github/txn_batch/paper/tech_report/exp_fig/clus
ter/tps.pdf> <C:/Users/Bailu/Workspace/github/txn_batch/paper/tech_report/exp_f
ig/cluster/abort.pdf> <C:/Users/Bailu/Workspace/github/txn_batch/paper/tech_rep
ort/exp_fig/cluster/percent95_latency.pdf> <C:/Users/Bailu/Workspace/github/txn
_batch/paper/tech_report/exp_fig/load/Z0.5.tps.pdf> <C:/Users/Bailu/Workspace/g
ithub/txn_batch/paper/tech_report/exp_fig/load/Z0.5.latency.pdf> <C:/Users/Bail
u/Workspace/github/txn_batch/paper/tech_report/exp_fig/load/Z0.6.tps.pdf> <C:/U
sers/Bailu/Workspace/github/txn_batch/paper/tech_report/exp_fig/load/Z0.6.laten
cy.pdf> <C:/Users/Bailu/Workspace/github/txn_batch/paper/tech_report/exp_fig/lo
ad/Z0.7.tps.pdf> <C:/Users/Bailu/Workspace/github/txn_batch/paper/tech_report/e
xp_fig/load/Z0.7.latency.pdf> <C:/Users/Bailu/Workspace/github/txn_batch/paper/
tech_report/exp_fig/load/Z0.8.tps.pdf> <C:/Users/Bailu/Workspace/github/txn_bat
ch/paper/tech_report/exp_fig/load/Z0.8.latency.pdf> <C:/Users/Bailu/Workspace/g
ithub/txn_batch/paper/tech_report/exp_fig/load/Z0.9.tps.pdf>] [17 <C:/Users/Bai
lu/Workspace/github/txn_batch/paper/tech_report/exp_fig/load/Z0.9.latency.pdf> 
<C:/Users/Bailu/Workspace/github/txn_batch/paper/tech_report/exp_fig/small_bank
/Z0.9.tps.pdf> <C:/Users/Bailu/Workspace/github/txn_batch/paper/tech_report/exp
_fig/small_bank/Z0.9.latency.pdf> <C:/Users/Bailu/Workspace/github/txn_batch/pa
per/tech_report/exp_fig/small_bank/Z0.8.tps.pdf> <C:/Users/Bailu/Workspace/gith
ub/txn_batch/paper/tech_report/exp_fig/small_bank/Z0.8.latency.pdf>]
(C:\Users\Bailu\Workspace\github\txn_batch\paper\tech_report\main.aux) ) 
Here is how much of TeX's memory you used:
 5628 strings out of 493921
 85409 string characters out of 3147283
 185314 words of memory out of 3000000
 8795 multiletter control sequences out of 15000+200000
 22332 words of font info for 55 fonts, out of 3000000 for 9000
 841 hyphenation exceptions out of 8191
 41i,18n,44p,1521b,568s stack positions out of 5000i,500n,10000p,200000b,50000s
{C:/Pro
gram Files/MiKTeX 2.9/fonts/enc/dvips/fontname/8r.enc}<C:/Program Files/MiKTeX 
2.9/fonts/type1/public/amsfonts/cm/cmbx9.pfb><C:/Program Files/MiKTeX 2.9/fonts
/type1/public/amsfonts/cm/cmmi6.pfb><C:/Program Files/MiKTeX 2.9/fonts/type1/pu
blic/amsfonts/cm/cmmi9.pfb><C:/Program Files/MiKTeX 2.9/fonts/type1/public/amsf
onts/cm/cmr6.pfb><C:/Program Files/MiKTeX 2.9/fonts/type1/public/amsfonts/cm/cm
r8.pfb><C:/Program Files/MiKTeX 2.9/fonts/type1/public/amsfonts/cm/cmr9.pfb><C:
/Program Files/MiKTeX 2.9/fonts/type1/public/amsfonts/cm/cmsy6.pfb><C:/Program 
Files/MiKTeX 2.9/fonts/type1/public/amsfonts/cm/cmsy9.pfb><C:/Program Files/MiK
TeX 2.9/fonts/type1/public/amsfonts/cm/cmti9.pfb><C:/Program Files/MiKTeX 2.9/f
onts/type1/public/amsfonts/cm/cmtt9.pfb><C:/Program Files/MiKTeX 2.9/fonts/type
1/urw/helvetic/uhvb8a.pfb><C:/Program Files/MiKTeX 2.9/fonts/type1/urw/times/ut
mb8a.pfb><C:/Program Files/MiKTeX 2.9/fonts/type1/urw/times/utmri8a.pfb>
Output written on main.pdf (17 pages, 844641 bytes).
PDF statistics:
 610 PDF objects out of 1000 (max. 8388607)
 0 named destinations out of 1000 (max. 500000)
 251 words of extra memory for PDF output out of 10000 (max. 10000000)

