This is pdfTeX, Version 3.1415926-2.5-1.40.14 (MiKTeX 2.9 64-bit) (preloaded format=pdflatex 2015.6.9)  19 NOV 2015 14:41
entering extended mode
**main.tex

(C:\Users\Bailu\Workspace\assembla\cornell_db_distributed\txn_batch\paper\sigmo
d2016\main.tex
LaTeX2e <2011/06/27>
Babel <v3.8m> and hyphenation patterns for english, afrikaans, ancientgreek, ar
abic, armenian, assamese, basque, bengali, bokmal, bulgarian, catalan, coptic, 
croatian, czech, danish, dutch, esperanto, estonian, farsi, finnish, french, ga
lician, german, german-x-2013-05-26, greek, gujarati, hindi, hungarian, iceland
ic, indonesian, interlingua, irish, italian, kannada, kurmanji, latin, latvian,
 lithuanian, malayalam, marathi, mongolian, mongolianlmc, monogreek, ngerman, n
german-x-2013-05-26, nynorsk, oriya, panjabi, pinyin, polish, portuguese, roman
ian, russian, sanskrit, serbian, slovak, slovenian, spanish, swedish, swissgerm
an, tamil, telugu, turkish, turkmen, ukenglish, ukrainian, uppersorbian, usengl
ishmax, welsh, loaded.

(C:\Users\Bailu\Workspace\assembla\cornell_db_distributed\txn_batch\paper\sigmo
d2016\sig-alternate-05-2015.cls
("C:\Program Files\MiKTeX 2.9\tex\latex\graphics\epsfig.sty"
Package: epsfig 1999/02/16 v1.7a (e)psfig emulation (SPQR)

("C:\Program Files\MiKTeX 2.9\tex\latex\graphics\graphicx.sty"
Package: graphicx 1999/02/16 v1.0f Enhanced LaTeX Graphics (DPC,SPQR)

("C:\Program Files\MiKTeX 2.9\tex\latex\graphics\keyval.sty"
Package: keyval 1999/03/16 v1.13 key=value parser (DPC)
\KV@toks@=\toks14
)
("C:\Program Files\MiKTeX 2.9\tex\latex\graphics\graphics.sty"
Package: graphics 2009/02/05 v1.0o Standard LaTeX Graphics (DPC,SPQR)

("C:\Program Files\MiKTeX 2.9\tex\latex\graphics\trig.sty"
Package: trig 1999/03/16 v1.09 sin cos tan (DPC)
)
("C:\Program Files\MiKTeX 2.9\tex\latex\00miktex\graphics.cfg"
File: graphics.cfg 2007/01/18 v1.5 graphics configuration of teTeX/TeXLive
)
Package graphics Info: Driver file: pdftex.def on input line 91.

("C:\Program Files\MiKTeX 2.9\tex\latex\pdftex-def\pdftex.def"
File: pdftex.def 2011/05/27 v0.06d Graphics/color for pdfTeX

("C:\Program Files\MiKTeX 2.9\tex\generic\oberdiek\infwarerr.sty"
Package: infwarerr 2010/04/08 v1.3 Providing info/warning/error messages (HO)
)
("C:\Program Files\MiKTeX 2.9\tex\generic\oberdiek\ltxcmds.sty"
Package: ltxcmds 2011/11/09 v1.22 LaTeX kernel commands for general use (HO)
)
\Gread@gobject=\count79
))
\Gin@req@height=\dimen102
\Gin@req@width=\dimen103
)
\epsfxsize=\dimen104
\epsfysize=\dimen105
)
("C:\Program Files\MiKTeX 2.9\tex\latex\amsfonts\amssymb.sty"
Package: amssymb 2013/01/14 v3.01 AMS font symbols

("C:\Program Files\MiKTeX 2.9\tex\latex\amsfonts\amsfonts.sty"
Package: amsfonts 2013/01/14 v3.01 Basic AMSFonts support
\@emptytoks=\toks15
\symAMSa=\mathgroup4
\symAMSb=\mathgroup5
LaTeX Font Info:    Overwriting math alphabet `\mathfrak' in version `bold'
(Font)                  U/euf/m/n --> U/euf/b/n on input line 106.
))
("C:\Program Files\MiKTeX 2.9\tex\latex\amsmath\amsmath.sty"
Package: amsmath 2013/01/14 v2.14 AMS math features
\@mathmargin=\skip41

For additional information on amsmath, use the `?' option.
("C:\Program Files\MiKTeX 2.9\tex\latex\amsmath\amstext.sty"
Package: amstext 2000/06/29 v2.01

("C:\Program Files\MiKTeX 2.9\tex\latex\amsmath\amsgen.sty"
File: amsgen.sty 1999/11/30 v2.0
\@emptytoks=\toks16
\ex@=\dimen106
))
("C:\Program Files\MiKTeX 2.9\tex\latex\amsmath\amsbsy.sty"
Package: amsbsy 1999/11/29 v1.2d
\pmbraise@=\dimen107
)
("C:\Program Files\MiKTeX 2.9\tex\latex\amsmath\amsopn.sty"
Package: amsopn 1999/12/14 v2.01 operator names
)
\inf@bad=\count80
LaTeX Info: Redefining \frac on input line 210.
\uproot@=\count81
\leftroot@=\count82
LaTeX Info: Redefining \overline on input line 306.
\classnum@=\count83
\DOTSCASE@=\count84
LaTeX Info: Redefining \ldots on input line 378.
LaTeX Info: Redefining \dots on input line 381.
LaTeX Info: Redefining \cdots on input line 466.
\Mathstrutbox@=\box26
\strutbox@=\box27
\big@size=\dimen108
LaTeX Font Info:    Redeclaring font encoding OML on input line 566.
LaTeX Font Info:    Redeclaring font encoding OMS on input line 567.
\macc@depth=\count85
\c@MaxMatrixCols=\count86
\dotsspace@=\muskip10
\c@parentequation=\count87
\dspbrk@lvl=\count88
\tag@help=\toks17
\row@=\count89
\column@=\count90
\maxfields@=\count91
\andhelp@=\toks18
\eqnshift@=\dimen109
\alignsep@=\dimen110
\tagshift@=\dimen111
\tagwidth@=\dimen112
\totwidth@=\dimen113
\lineht@=\dimen114
\@envbody=\toks19
\multlinegap=\skip42
\multlinetaggap=\skip43
\mathdisplay@stack=\toks20
LaTeX Info: Redefining \[ on input line 2665.
LaTeX Info: Redefining \] on input line 2666.
)
Document Class 'sig-alternate' <9th June '13>. Modified by G.K.M. Tobin/Gerry M
urray/Boris Veytsman
Based in part upon document Style `acmconf' <22 May 89>. Hacked 4/91 by
shivers@cs.cmu.edu, 4/93 by theobald@cs.mcgill.ca
Excerpts were taken from (Journal Style) 'esub2acm.cls'.
****** Bugs/comments/suggestions/technicalities to Gerry Murray -- murray@hq.ac
m.org ******
Questions on the style, SIGS policies, etc. to Adrienne Griscti griscti@acm.org

\ACM@basesize=\count92
("C:\Program Files\MiKTeX 2.9\tex\latex\comment\comment.sty"
\CommentStream=\write3

Excluding comment 'comment') Excluding comment 'CCSXML'
\footheight=\dimen115
\@maxsep=\dimen116
\@dblmaxsep=\dimen117

("C:\Program Files\MiKTeX 2.9\tex\generic\oberdiek\ifpdf.sty"
Package: ifpdf 2011/01/30 v2.3 Provides the ifpdf switch (HO)
Package ifpdf Info: pdfTeX in PDF mode is detected.
)
\aucount=\count93
\originalaucount=\count94
\auwidth=\dimen118
\auskip=\dimen119
\auskipcount=\count95
\auskip=\dimen120
\allauboxes=\dimen121
\addauthors=\toks21
\addauflag=\count96
\subtitletext=\toks22
\savesection=\count97
\sectioncntr=\count98
\c@figure=\count99
\c@table=\count100
\titleboxnotes=\toks23
\titleboxnoteflag=\count101


LaTeX Warning: You have requested document class `sig-alternate-05-2015',
               but the document class provides `sig-alternate'.

Document Class: sig-alternate 2013/05/12 v2.7 based on acmproc.cls V1.3 <Nov. 3
0 '99>
("C:\Program Files\MiKTeX 2.9\tex\latex\base\latexsym.sty"
Package: latexsym 1998/08/17 v2.2e Standard LaTeX package (lasy symbols)
\symlasy=\mathgroup6
LaTeX Font Info:    Overwriting symbol font `lasy' in version `bold'
(Font)                  U/lasy/m/n --> U/lasy/b/n on input line 47.
)
\@acmtitlebox=\box28
\titlenotecount=\count102
\tntoks=\toks24
\tntokstwo=\toks25
\tntoksthree=\toks26
\tntoksfour=\toks27
\tntoksfive=\toks28
\catcount=\count103
\copyrightnotice=\toks29
\conf=\toks30
\confinfo=\toks31
\c@part=\count104
\c@section=\count105
\c@subsection=\count106
\c@subsubsection=\count107
\c@paragraph=\count108

Using 'Abbrev' bibliography style
LaTeX Info: Redefining \cite on input line 1408.
\bibindent=\dimen122
\colcntr=\count109
\saveb@x=\box29
\copyrtyr=\toks32
\acmcopyr=\toks33
\boilerplate=\toks34
("C:\Program Files\MiKTeX 2.9\tex\latex\url\url.sty"
\Urlmuskip=\muskip11
Package: url 2013/09/16  ver 3.4  Verb mode for urls, etc.
)
(C:\Users\Bailu\Workspace\assembla\cornell_db_distributed\txn_batch\paper\sigmo
d2016\acmcopyright.sty
Package: acmcopyright 2014/06/29 v1.2 Copyright statemens for ACM classes

("C:\Program Files\MiKTeX 2.9\tex\latex\xkeyval\xkeyval.sty"
Package: xkeyval 2012/10/14 v2.6b package option processing (HA)

("C:\Program Files\MiKTeX 2.9\tex\generic\xkeyval\xkeyval.tex"
\XKV@toks=\toks35
\XKV@tempa@toks=\toks36
\XKV@depth=\count110
File: xkeyval.tex 2012/10/14 v2.6b key=value parser (HA)
)))
\copyrightetc=\toks37

("C:\Program Files\MiKTeX 2.9\tex\latex\base\fontenc.sty"
Package: fontenc 2005/09/27 v1.99g Standard LaTeX package

("C:\Program Files\MiKTeX 2.9\tex\latex\base\t1enc.def"
File: t1enc.def 2005/09/27 v1.99g Standard LaTeX file
LaTeX Font Info:    Redeclaring font encoding T1 on input line 43.
)
LaTeX Font Info:    Try loading font information for T1+aer on input line 100.

("C:\Program Files\MiKTeX 2.9\tex\latex\ae\t1aer.fd"
File: t1aer.fd 1997/11/16 Font definitions for T1/aer.
)))
("C:\Program Files\MiKTeX 2.9\tex\latex\algorithm2e\algorithm2e.sty"
Package: algorithm2e 2013/01/06 v5.00 algorithms environments
\c@AlgoLine=\count111

("C:\Program Files\MiKTeX 2.9\tex\latex\base\ifthen.sty"
Package: ifthen 2001/05/26 v1.1c Standard LaTeX ifthen package (DPC)
)
("C:\Program Files\MiKTeX 2.9\tex\latex\tools\xspace.sty"
Package: xspace 2009/10/20 v1.13 Space after command names (DPC,MH)
)
("C:\Program Files\MiKTeX 2.9\tex\latex\ltxmisc\relsize.sty"
Package: relsize 2003/07/04 ver 3.1


Package relsize Warning: Failed to get list of font sizes.
(relsize)                Falling back to old definition. on input line 81.

)
********************************************************
Package `algorithm2e' Release 5.0 -- january 06 2013 --
- algorithm2e-announce@lirmm.fr mailing list for announcement about releases
- algorithm2e-discussion@lirmm.fr mailing list for discussion about package
subscribe by emailing sympa@lirmm.fr with 'subscribe <list> <firstname name>'
- Author: Christophe Fiorio (cfiorio@um2.fr)
********************************************************
\skiptotal=\skip44
\skiplinenumber=\skip45
\skiprule=\skip46
\skiphlne=\skip47
\skiptext=\skip48
\skiplength=\skip49
\algomargin=\skip50
\skipalgocfslide=\skip51
\algowidth=\dimen123
\inoutsize=\dimen124
\inoutindent=\dimen125
\interspacetitleruled=\dimen126
\interspacealgoruled=\dimen127
\interspacetitleboxruled=\dimen128
\algocf@inoutbox=\box30
\algocf@inputbox=\box31
\AlCapSkip=\skip52
\AlCapHSkip=\skip53
\algoskipindent=\skip54
\algocf@nlbox=\box32
\algocf@hangingbox=\box33
\algocf@untilbox=\box34
\algocf@skipuntil=\skip55
\algocf@capbox=\box35
\algoheightruledefault=\skip56
\algoheightrule=\skip57
\algotitleheightruledefault=\skip58
\algotitleheightrule=\skip59
\c@algocfline=\count112
\c@algocfproc=\count113
\c@algocf=\count114
\algocf@algoframe=\box36
\algocf@algobox=\box37
) ("C:\Program Files\MiKTeX 2.9\tex\latex\caption\caption.sty"
Package: caption 2013/05/02 v3.3-89 Customizing captions (AR)

("C:\Program Files\MiKTeX 2.9\tex\latex\caption\caption3.sty"
Package: caption3 2013/05/02 v1.6-88 caption3 kernel (AR)
Package caption3 Info: TeX engine: e-TeX on input line 57.
\captionmargin=\dimen129
\captionmargin@=\dimen130
\captionwidth=\dimen131
\caption@tempdima=\dimen132
\caption@indent=\dimen133
\caption@parindent=\dimen134
\caption@hangindent=\dimen135
\abovecaptionskip=\skip60
\belowcaptionskip=\skip61
Package caption Info: Unknown document class (or package),
(caption)             standard defaults will be used.
)

Package caption Warning: Unsupported document class (or package) detected,
(caption)                usage of the caption package is not recommended.
See the caption package documentation for explanation.

Package caption Info: \@makecaption = \long macro:#1#2-> \vskip 10pt \setbox \@
tempboxa \hbox {\textbf {#1: #2}} \ifdim \wd \@tempboxa >\hsize \textbf {#1: #2
}\par \else \hbox to\hsize {\hfil \box \@tempboxa \hfil } \fi .
\c@ContinuedFloat=\count115
) ("C:\Program Files\MiKTeX 2.9\tex\latex\caption\subcaption.sty"
Package: subcaption 2013/02/03 v1.1-62 Sub-captions (AR)
\c@subfigure=\count116
\c@subtable=\count117
)
("C:\Program Files\MiKTeX 2.9\tex\latex\graphics\color.sty"
Package: color 2005/11/14 v1.0j Standard LaTeX Color (DPC)

("C:\Program Files\MiKTeX 2.9\tex\latex\00miktex\color.cfg"
File: color.cfg 2007/01/18 v1.5 color configuration of teTeX/TeXLive
)
Package color Info: Driver file: pdftex.def on input line 130.
)
(C:\Users\Bailu\Workspace\assembla\cornell_db_distributed\txn_batch\paper\sigmo
d2016\main.aux)
LaTeX Font Info:    Checking defaults for OML/cmm/m/it on input line 17.
LaTeX Font Info:    ... okay on input line 17.
LaTeX Font Info:    Checking defaults for T1/cmr/m/n on input line 17.
LaTeX Font Info:    ... okay on input line 17.
LaTeX Font Info:    Checking defaults for OT1/cmr/m/n on input line 17.
LaTeX Font Info:    ... okay on input line 17.
LaTeX Font Info:    Checking defaults for OMS/cmsy/m/n on input line 17.
LaTeX Font Info:    ... okay on input line 17.
LaTeX Font Info:    Checking defaults for OMX/cmex/m/n on input line 17.
LaTeX Font Info:    ... okay on input line 17.
LaTeX Font Info:    Checking defaults for U/cmr/m/n on input line 17.
LaTeX Font Info:    ... okay on input line 17.
 ("C:\Program Files\MiKTeX 2.9\tex\context\base\supp-pdf.mkii"
[Loading MPS to PDF converter (version 2006.09.02).]
\scratchcounter=\count118
\scratchdimen=\dimen136
\scratchbox=\box38
\nofMPsegments=\count119
\nofMParguments=\count120
\everyMPshowfont=\toks38
\MPscratchCnt=\count121
\MPscratchDim=\dimen137
\MPnumerator=\count122
\makeMPintoPDFobject=\count123
\everyMPtoPDFconversion=\toks39
)
Package caption Info: Begin \AtBeginDocument code.
Package caption Info: End \AtBeginDocument code.
LaTeX Font Info:    Try loading font information for U+msa on input line 28.
 ("C:\Program Files\MiKTeX 2.9\tex\latex\amsfonts\umsa.fd"
File: umsa.fd 2013/01/14 v3.01 AMS symbols A
)
LaTeX Font Info:    Try loading font information for U+msb on input line 28.

("C:\Program Files\MiKTeX 2.9\tex\latex\amsfonts\umsb.fd"
File: umsb.fd 2013/01/14 v3.01 AMS symbols B
)
LaTeX Font Info:    Try loading font information for U+lasy on input line 28.

("C:\Program Files\MiKTeX 2.9\tex\latex\base\ulasy.fd"
File: ulasy.fd 1998/08/17 v2.2e LaTeX symbol font definitions
)

LaTeX Warning: No \author given.


(C:\Users\Bailu\Workspace\assembla\cornell_db_distributed\txn_batch\paper\sigmo
d2016\introduction.tex
Overfull \hbox (1.82526pt too wide) in paragraph at lines 4--5
[]\T1/aer/m/n/9 Transaction pro-cess-ing is a fun-da-men-tal as-pect of databas
e
 []


Overfull \hbox (1.43651pt too wide) in paragraph at lines 4--5
\T1/aer/m/n/9 creased through \T1/aer/m/it/9 batch-ing\T1/aer/m/n/9 -based op-t
i-miza-tions, whereby some
 []


Overfull \hbox (4.03879pt too wide) in paragraph at lines 21--24
[]\T1/aer/m/n/9 The ar-chi-tec-ture of OCC with back-ward val-i-da-tion present
s
 []


Underfull \vbox (badness 10000) has occurred while \output is active []

 [1{C:/ProgramData/MiKTeX/2.9/pdftex/config/pdftex.map}


]
<figures/OCCArchitecture.pdf, id=11, 694.92068pt x 425.69304pt>
File: figures/OCCArchitecture.pdf Graphic file (type pdf)

<use figures/OCCArchitecture.pdf>
Package pdftex.def Info: figures/OCCArchitecture.pdf used on input line 36.
(pdftex.def)             Requested size: 215.99854pt x 132.31424pt.

Underfull \vbox (badness 3930) has occurred while \output is active []

)
(C:\Users\Bailu\Workspace\assembla\cornell_db_distributed\txn_batch\paper\sigmo
d2016\background.tex [2 <C:/Users/Bailu/Workspace/assembla/cornell_db_distribut
ed/txn_batch/paper/sigmod2016/figures/OCCArchitecture.pdf>])
(C:\Users\Bailu\Workspace\assembla\cornell_db_distributed\txn_batch\paper\sigmo
d2016\overview.tex)
(C:\Users\Bailu\Workspace\assembla\cornell_db_distributed\txn_batch\paper\sigmo
d2016\reorder.tex [3] <./alg_fig/fvs-eg.pdf, id=113, 462.72874pt x 359.3425pt>
File: ./alg_fig/fvs-eg.pdf Graphic file (type pdf)

<use ./alg_fig/fvs-eg.pdf>
Package pdftex.def Info: ./alg_fig/fvs-eg.pdf used on input line 19.
(pdftex.def)             Requested size: 72.00073pt x 55.91135pt.
 [4 <C:/Users/Bailu/Workspace/assembla/cornell_db_distributed/txn_batch/paper/s
igmod2016/alg_fig/fvs-eg.pdf>]
<./alg_fig/scc-g0.pdf, id=129, 425.59pt x 462.72874pt>
File: ./alg_fig/scc-g0.pdf Graphic file (type pdf)

<use ./alg_fig/scc-g0.pdf>
Package pdftex.def Info: ./alg_fig/scc-g0.pdf used on input line 156.
(pdftex.def)             Requested size: 95.76123pt x 104.11653pt.

<./alg_fig/scc-g1.pdf, id=130, 425.59pt x 462.72874pt>
File: ./alg_fig/scc-g1.pdf Graphic file (type pdf)

<use ./alg_fig/scc-g1.pdf>
Package pdftex.def Info: ./alg_fig/scc-g1.pdf used on input line 162.
(pdftex.def)             Requested size: 95.76123pt x 104.11653pt.

<./alg_fig/scc-g3.pdf, id=131, 425.59pt x 462.72874pt>
File: ./alg_fig/scc-g3.pdf Graphic file (type pdf)

<use ./alg_fig/scc-g3.pdf>
Package pdftex.def Info: ./alg_fig/scc-g3.pdf used on input line 168.
(pdftex.def)             Requested size: 95.76123pt x 104.11653pt.

<./alg_fig/scc-g5.pdf, id=132, 425.59pt x 462.72874pt>
File: ./alg_fig/scc-g5.pdf Graphic file (type pdf)

<use ./alg_fig/scc-g5.pdf>
Package pdftex.def Info: ./alg_fig/scc-g5.pdf used on input line 174.
(pdftex.def)             Requested size: 95.76123pt x 104.11653pt.

<./alg_fig/scc-g7.pdf, id=133, 425.59pt x 462.72874pt>
File: ./alg_fig/scc-g7.pdf Graphic file (type pdf)

<use ./alg_fig/scc-g7.pdf>
Package pdftex.def Info: ./alg_fig/scc-g7.pdf used on input line 180.
(pdftex.def)             Requested size: 95.76123pt x 104.11653pt.
LaTeX Font Info:    Try loading font information for T1+aett on input line 184.

 ("C:\Program Files\MiKTeX 2.9\tex\latex\ae\t1aett.fd"
File: t1aett.fd 1997/11/16 Font definitions for T1/aett.
) <./alg_fig/simple-g0.pdf, id=134, 425.59pt x 462.72874pt>
File: ./alg_fig/simple-g0.pdf Graphic file (type pdf)

<use ./alg_fig/simple-g0.pdf>
Package pdftex.def Info: ./alg_fig/simple-g0.pdf used on input line 195.
(pdftex.def)             Requested size: 95.76123pt x 104.11653pt.

<./alg_fig/simple-g2.pdf, id=135, 425.59pt x 462.72874pt>
File: ./alg_fig/simple-g2.pdf Graphic file (type pdf)

<use ./alg_fig/simple-g2.pdf>
Package pdftex.def Info: ./alg_fig/simple-g2.pdf used on input line 201.
(pdftex.def)             Requested size: 95.76123pt x 104.11653pt.

<./alg_fig/simple-g4.pdf, id=136, 425.59pt x 462.72874pt>
File: ./alg_fig/simple-g4.pdf Graphic file (type pdf)

<use ./alg_fig/simple-g4.pdf>
Package pdftex.def Info: ./alg_fig/simple-g4.pdf used on input line 207.
(pdftex.def)             Requested size: 95.76123pt x 104.11653pt.

<./alg_fig/simple-g6.pdf, id=137, 425.59pt x 462.72874pt>
File: ./alg_fig/simple-g6.pdf Graphic file (type pdf)

<use ./alg_fig/simple-g6.pdf>
Package pdftex.def Info: ./alg_fig/simple-g6.pdf used on input line 213.
(pdftex.def)             Requested size: 95.76123pt x 104.11653pt.

<./alg_fig/simple-g8.pdf, id=138, 425.59pt x 462.72874pt>
File: ./alg_fig/simple-g8.pdf Graphic file (type pdf)

<use ./alg_fig/simple-g8.pdf>
Package pdftex.def Info: ./alg_fig/simple-g8.pdf used on input line 219.
(pdftex.def)             Requested size: 95.76123pt x 104.11653pt.
 [5]
Underfull \vbox (badness 10000) has occurred while \output is active []

 [6 <C:/Users/Bailu/Workspace/assembla/cornell_db_distributed/txn_batch/paper/s
igmod2016/alg_fig/scc-g0.pdf> <C:/Users/Bailu/Workspace/assembla/cornell_db_dis
tributed/txn_batch/paper/sigmod2016/alg_fig/scc-g1.pdf

pdfTeX warning: pdflatex.exe (file C:/Users/Bailu/Workspace/assembla/cornell_db
_distributed/txn_batch/paper/sigmod2016/alg_fig/scc-g1.pdf): PDF inclusion: mul
tiple pdfs with page group included in a single page
> <C:/Users/Bailu/Workspace/assembla/cornell_db_distributed/txn_batch/paper/sig
mod2016/alg_fig/scc-g3.pdf

pdfTeX warning: pdflatex.exe (file C:/Users/Bailu/Workspace/assembla/cornell_db
_distributed/txn_batch/paper/sigmod2016/alg_fig/scc-g3.pdf): PDF inclusion: mul
tiple pdfs with page group included in a single page
> <C:/Users/Bailu/Workspace/assembla/cornell_db_distributed/txn_batch/paper/sig
mod2016/alg_fig/scc-g5.pdf

pdfTeX warning: pdflatex.exe (file C:/Users/Bailu/Workspace/assembla/cornell_db
_distributed/txn_batch/paper/sigmod2016/alg_fig/scc-g5.pdf): PDF inclusion: mul
tiple pdfs with page group included in a single page
> <C:/Users/Bailu/Workspace/assembla/cornell_db_distributed/txn_batch/paper/sig
mod2016/alg_fig/scc-g7.pdf

pdfTeX warning: pdflatex.exe (file C:/Users/Bailu/Workspace/assembla/cornell_db
_distributed/txn_batch/paper/sigmod2016/alg_fig/scc-g7.pdf): PDF inclusion: mul
tiple pdfs with page group included in a single page
> <C:/Users/Bailu/Workspace/assembla/cornell_db_distributed/txn_batch/paper/sig
mod2016/alg_fig/simple-g0.pdf

pdfTeX warning: pdflatex.exe (file C:/Users/Bailu/Workspace/assembla/cornell_db
_distributed/txn_batch/paper/sigmod2016/alg_fig/simple-g0.pdf): PDF inclusion: 
multiple pdfs with page group included in a single page
> <C:/Users/Bailu/Workspace/assembla/cornell_db_distributed/txn_batch/paper/sig
mod2016/alg_fig/simple-g2.pdf

pdfTeX warning: pdflatex.exe (file C:/Users/Bailu/Workspace/assembla/cornell_db
_distributed/txn_batch/paper/sigmod2016/alg_fig/simple-g2.pdf): PDF inclusion: 
multiple pdfs with page group included in a single page
> <C:/Users/Bailu/Workspace/assembla/cornell_db_distributed/txn_batch/paper/sig
mod2016/alg_fig/simple-g4.pdf

pdfTeX warning: pdflatex.exe (file C:/Users/Bailu/Workspace/assembla/cornell_db
_distributed/txn_batch/paper/sigmod2016/alg_fig/simple-g4.pdf): PDF inclusion: 
multiple pdfs with page group included in a single page
> <C:/Users/Bailu/Workspace/assembla/cornell_db_distributed/txn_batch/paper/sig
mod2016/alg_fig/simple-g6.pdf

pdfTeX warning: pdflatex.exe (file C:/Users/Bailu/Workspace/assembla/cornell_db
_distributed/txn_batch/paper/sigmod2016/alg_fig/simple-g6.pdf): PDF inclusion: 
multiple pdfs with page group included in a single page
> <C:/Users/Bailu/Workspace/assembla/cornell_db_distributed/txn_batch/paper/sig
mod2016/alg_fig/simple-g8.pdf

pdfTeX warning: pdflatex.exe (file C:/Users/Bailu/Workspace/assembla/cornell_db
_distributed/txn_batch/paper/sigmod2016/alg_fig/simple-g8.pdf): PDF inclusion: 
multiple pdfs with page group included in a single page
>])
(C:\Users\Bailu\Workspace\assembla\cornell_db_distributed\txn_batch\paper\sigmo
d2016\experiment.tex
Overfull \hbox (6.42401pt too wide) in paragraph at lines 16--17
[]\T1/aer/m/n/9 The trans-ac-tion gen-er-a-tor con-tin-u-ously pro-duces new tr
ans-
 []

<./exp_fig/fvs/fvs.pdf, id=229, 403.5075pt x 308.15125pt>
File: ./exp_fig/fvs/fvs.pdf Graphic file (type pdf)

<use ./exp_fig/fvs/fvs.pdf>
Package pdftex.def Info: ./exp_fig/fvs/fvs.pdf used on input line 39.
(pdftex.def)             Requested size: 161.28369pt x 123.16896pt.

<./exp_fig/fvs/latency.pdf, id=230, 412.54124pt x 309.155pt>
File: ./exp_fig/fvs/latency.pdf Graphic file (type pdf)

<use ./exp_fig/fvs/latency.pdf>
Package pdftex.def Info: ./exp_fig/fvs/latency.pdf used on input line 46.
(pdftex.def)             Requested size: 161.28369pt x 120.86714pt.

<./exp_fig/fvs/tps.pdf, id=231, 412.54124pt x 309.155pt>
File: ./exp_fig/fvs/tps.pdf Graphic file (type pdf)

<use ./exp_fig/fvs/tps.pdf>
Package pdftex.def Info: ./exp_fig/fvs/tps.pdf used on input line 53.
(pdftex.def)             Requested size: 161.28369pt x 120.86714pt.

<./exp_fig/fvs/percent95_latency.pdf, id=232, 401.5pt x 295.1025pt>
File: ./exp_fig/fvs/percent95_latency.pdf Graphic file (type pdf)

<use ./exp_fig/fvs/percent95_latency.pdf>
Package pdftex.def Info: ./exp_fig/fvs/percent95_latency.pdf used on input line
 64.
(pdftex.def)             Requested size: 161.28369pt x 118.54773pt.

<./exp_fig/bsize/tps.pdf, id=233, 412.54124pt x 309.155pt>
File: ./exp_fig/bsize/tps.pdf Graphic file (type pdf)

<use ./exp_fig/bsize/tps.pdf>
Package pdftex.def Info: ./exp_fig/bsize/tps.pdf used on input line 71.
(pdftex.def)             Requested size: 161.28369pt x 120.86714pt.

Underfull \hbox (badness 1596) in paragraph at lines 73--73
[]\T1/aer/m/n/9 Figure 9: |Through-put with var-i-ous
 []

<./exp_fig/bsize/abort.pdf, id=234, 412.54124pt x 309.155pt>
File: ./exp_fig/bsize/abort.pdf Graphic file (type pdf)

<use ./exp_fig/bsize/abort.pdf>
Package pdftex.def Info: ./exp_fig/bsize/abort.pdf used on input line 78.
(pdftex.def)             Requested size: 161.28369pt x 120.86714pt.

<./exp_fig/bsize/percent95_latency.pdf, id=235, 401.5pt x 295.1025pt>
File: ./exp_fig/bsize/percent95_latency.pdf Graphic file (type pdf)

<use ./exp_fig/bsize/percent95_latency.pdf>
Package pdftex.def Info: ./exp_fig/bsize/percent95_latency.pdf used on input li
ne 89.
(pdftex.def)             Requested size: 161.28369pt x 118.54773pt.

<./exp_fig/basic/tps.pdf, id=236, 412.54124pt x 309.155pt>
File: ./exp_fig/basic/tps.pdf Graphic file (type pdf)

<use ./exp_fig/basic/tps.pdf>
Package pdftex.def Info: ./exp_fig/basic/tps.pdf used on input line 96.
(pdftex.def)             Requested size: 161.28369pt x 120.86714pt.

<./exp_fig/basic/abort.pdf, id=237, 412.54124pt x 309.155pt>
File: ./exp_fig/basic/abort.pdf Graphic file (type pdf)

<use ./exp_fig/basic/abort.pdf>
Package pdftex.def Info: ./exp_fig/basic/abort.pdf used on input line 103.
(pdftex.def)             Requested size: 161.28369pt x 120.86714pt.

<./exp_fig/basic/preabort.pdf, id=238, 412.54124pt x 309.155pt>
File: ./exp_fig/basic/preabort.pdf Graphic file (type pdf)

<use ./exp_fig/basic/preabort.pdf>
Package pdftex.def Info: ./exp_fig/basic/preabort.pdf used on input line 114.
(pdftex.def)             Requested size: 161.28369pt x 120.86714pt.

<./exp_fig/basic/in_batch_abort.pdf, id=239, 407.5225pt x 309.155pt>
File: ./exp_fig/basic/in_batch_abort.pdf Graphic file (type pdf)

<use ./exp_fig/basic/in_batch_abort.pdf>
Package pdftex.def Info: ./exp_fig/basic/in_batch_abort.pdf used on input line 
121.
(pdftex.def)             Requested size: 161.28369pt x 122.3531pt.

<./exp_fig/basic/percent95_latency.pdf, id=240, 397.485pt x 295.1025pt>
File: ./exp_fig/basic/percent95_latency.pdf Graphic file (type pdf)

<use ./exp_fig/basic/percent95_latency.pdf>
Package pdftex.def Info: ./exp_fig/basic/percent95_latency.pdf used on input li
ne 128.
(pdftex.def)             Requested size: 161.28369pt x 119.7455pt.

Underfull \hbox (badness 1331) in paragraph at lines 130--130
[]\T1/aer/m/n/9 Figure 16: |Per-centile la-tency un-der
 []

<./exp_fig/restart/tps.pdf, id=241, 412.54124pt x 309.155pt>
File: ./exp_fig/restart/tps.pdf Graphic file (type pdf)

<use ./exp_fig/restart/tps.pdf>
Package pdftex.def Info: ./exp_fig/restart/tps.pdf used on input line 139.
(pdftex.def)             Requested size: 161.28369pt x 120.86714pt.

<./exp_fig/restart/abort.pdf, id=242, 412.54124pt x 309.155pt>
File: ./exp_fig/restart/abort.pdf Graphic file (type pdf)

<use ./exp_fig/restart/abort.pdf>
Package pdftex.def Info: ./exp_fig/restart/abort.pdf used on input line 146.
(pdftex.def)             Requested size: 161.28369pt x 120.86714pt.

<./exp_fig/restart/percent100_latency.pdf, id=243, 409.53pt x 295.1025pt>
File: ./exp_fig/restart/percent100_latency.pdf Graphic file (type pdf)

<use ./exp_fig/restart/percent100_latency.pdf>
Package pdftex.def Info: ./exp_fig/restart/percent100_latency.pdf used on input
 line 153.
(pdftex.def)             Requested size: 161.28369pt x 116.21973pt.

<./exp_fig/weighted_size/tps.pdf, id=244, 412.54124pt x 309.155pt>
File: ./exp_fig/weighted_size/tps.pdf Graphic file (type pdf)

<use ./exp_fig/weighted_size/tps.pdf>
Package pdftex.def Info: ./exp_fig/weighted_size/tps.pdf used on input line 164
.
(pdftex.def)             Requested size: 161.28369pt x 120.86714pt.

<./exp_fig/weighted_size/abort.pdf, id=245, 412.54124pt x 309.155pt>
File: ./exp_fig/weighted_size/abort.pdf Graphic file (type pdf)

<use ./exp_fig/weighted_size/abort.pdf>
Package pdftex.def Info: ./exp_fig/weighted_size/abort.pdf used on input line 1
71.
(pdftex.def)             Requested size: 161.28369pt x 120.86714pt.

<./exp_fig/weighted_size/percent95_latency.pdf, id=246, 397.485pt x 295.1025pt>
File: ./exp_fig/weighted_size/percent95_latency.pdf Graphic file (type pdf)
<use ./exp_fig/weighted_size/percent95_latency.pdf>
Package pdftex.def Info: ./exp_fig/weighted_size/percent95_latency.pdf used on 
input line 178.
(pdftex.def)             Requested size: 161.28369pt x 119.7455pt.

<./exp_fig/weighted_size/tps_1.pdf, id=247, 407.5225pt x 309.155pt>
File: ./exp_fig/weighted_size/tps_1.pdf Graphic file (type pdf)

<use ./exp_fig/weighted_size/tps_1.pdf>
Package pdftex.def Info: ./exp_fig/weighted_size/tps_1.pdf used on input line 1
89.
(pdftex.def)             Requested size: 161.28369pt x 122.3531pt.

<./exp_fig/weighted_size/abort_1.pdf, id=248, 412.54124pt x 309.155pt>
File: ./exp_fig/weighted_size/abort_1.pdf Graphic file (type pdf)

<use ./exp_fig/weighted_size/abort_1.pdf>
Package pdftex.def Info: ./exp_fig/weighted_size/abort_1.pdf used on input line
 196.
(pdftex.def)             Requested size: 161.28369pt x 120.86714pt.

<./exp_fig/weighted_size/percent95_latency_1.pdf, id=249, 397.485pt x 295.1025p
t>
File: ./exp_fig/weighted_size/percent95_latency_1.pdf Graphic file (type pdf)
 <use ./exp_fig/weighted_size/percent95_latency_1.pdf>
Package pdftex.def Info: ./exp_fig/weighted_size/percent95_latency_1.pdf used o
n input line 203.
(pdftex.def)             Requested size: 161.28369pt x 119.7455pt.

<./exp_fig/cluster/tps.pdf, id=250, 412.54124pt x 309.155pt>
File: ./exp_fig/cluster/tps.pdf Graphic file (type pdf)

<use ./exp_fig/cluster/tps.pdf>
Package pdftex.def Info: ./exp_fig/cluster/tps.pdf used on input line 216.
(pdftex.def)             Requested size: 161.28369pt x 120.86714pt.

<./exp_fig/cluster/abort.pdf, id=251, 412.54124pt x 309.155pt>
File: ./exp_fig/cluster/abort.pdf Graphic file (type pdf)

<use ./exp_fig/cluster/abort.pdf>
Package pdftex.def Info: ./exp_fig/cluster/abort.pdf used on input line 223.
(pdftex.def)             Requested size: 161.28369pt x 120.86714pt.

<./exp_fig/cluster/percent95_latency.pdf, id=252, 393.47pt x 295.1025pt>
File: ./exp_fig/cluster/percent95_latency.pdf Graphic file (type pdf)

<use ./exp_fig/cluster/percent95_latency.pdf>
Package pdftex.def Info: ./exp_fig/cluster/percent95_latency.pdf used on input 
line 230.
(pdftex.def)             Requested size: 161.28369pt x 120.96127pt.

Underfull \vbox (badness 1558) has occurred while \output is active []

 [7]
Underfull \vbox (badness 10000) has occurred while \output is active []


Underfull \vbox (badness 10000) has occurred while \output is active []

 [8 <C:/Users/Bailu/Workspace/assembla/cornell_db_distributed/txn_batch/paper/s
igmod2016/exp_fig/fvs/fvs.pdf> <C:/Users/Bailu/Workspace/assembla/cornell_db_di
stributed/txn_batch/paper/sigmod2016/exp_fig/fvs/latency.pdf> <C:/Users/Bailu/W
orkspace/assembla/cornell_db_distributed/txn_batch/paper/sigmod2016/exp_fig/fvs
/tps.pdf> <C:/Users/Bailu/Workspace/assembla/cornell_db_distributed/txn_batch/p
aper/sigmod2016/exp_fig/fvs/percent95_latency.pdf> <C:/Users/Bailu/Workspace/as
sembla/cornell_db_distributed/txn_batch/paper/sigmod2016/exp_fig/bsize/tps.pdf>
 <C:/Users/Bailu/Workspace/assembla/cornell_db_distributed/txn_batch/paper/sigm
od2016/exp_fig/bsize/abort.pdf>]
Overfull \hbox (2.8679pt too wide) in paragraph at lines 268--269
[]\T1/aer/m/n/9 In sum-mary, the sort-based greedy al-go-rithm is much faster
 []


Overfull \hbox (2.90173pt too wide) in paragraph at lines 293--294
[]\T1/aer/m/n/9 Figure 12[], Fig-ure 13[], and Fig-ure 16[] show the good throu
gh-
 []

[9 <C:/Users/Bailu/Workspace/assembla/cornell_db_distributed/txn_batch/paper/si
gmod2016/exp_fig/bsize/percent95_latency.pdf> <C:/Users/Bailu/Workspace/assembl
a/cornell_db_distributed/txn_batch/paper/sigmod2016/exp_fig/basic/tps.pdf> <C:/
Users/Bailu/Workspace/assembla/cornell_db_distributed/txn_batch/paper/sigmod201
6/exp_fig/basic/abort.pdf> <C:/Users/Bailu/Workspace/assembla/cornell_db_distri
buted/txn_batch/paper/sigmod2016/exp_fig/basic/preabort.pdf> <C:/Users/Bailu/Wo
rkspace/assembla/cornell_db_distributed/txn_batch/paper/sigmod2016/exp_fig/basi
c/in_batch_abort.pdf> <C:/Users/Bailu/Workspace/assembla/cornell_db_distributed
/txn_batch/paper/sigmod2016/exp_fig/basic/percent95_latency.pdf>] [10 <C:/Users
/Bailu/Workspace/assembla/cornell_db_distributed/txn_batch/paper/sigmod2016/exp
_fig/restart/tps.pdf> <C:/Users/Bailu/Workspace/assembla/cornell_db_distributed
/txn_batch/paper/sigmod2016/exp_fig/restart/abort.pdf> <C:/Users/Bailu/Workspac
e/assembla/cornell_db_distributed/txn_batch/paper/sigmod2016/exp_fig/restart/pe
rcent100_latency.pdf> <C:/Users/Bailu/Workspace/assembla/cornell_db_distributed
/txn_batch/paper/sigmod2016/exp_fig/weighted_size/tps.pdf> <C:/Users/Bailu/Work
space/assembla/cornell_db_distributed/txn_batch/paper/sigmod2016/exp_fig/weight
ed_size/abort.pdf> <C:/Users/Bailu/Workspace/assembla/cornell_db_distributed/tx
n_batch/paper/sigmod2016/exp_fig/weighted_size/percent95_latency.pdf>])
(C:\Users\Bailu\Workspace\assembla\cornell_db_distributed\txn_batch\paper\sigmo
d2016\related.tex [11 <C:/Users/Bailu/Workspace/assembla/cornell_db_distributed
/txn_batch/paper/sigmod2016/exp_fig/weighted_size/tps_1.pdf> <C:/Users/Bailu/Wo
rkspace/assembla/cornell_db_distributed/txn_batch/paper/sigmod2016/exp_fig/weig
hted_size/abort_1.pdf> <C:/Users/Bailu/Workspace/assembla/cornell_db_distribute
d/txn_batch/paper/sigmod2016/exp_fig/weighted_size/percent95_latency_1.pdf> <C:
/Users/Bailu/Workspace/assembla/cornell_db_distributed/txn_batch/paper/sigmod20
16/exp_fig/cluster/tps.pdf> <C:/Users/Bailu/Workspace/assembla/cornell_db_distr
ibuted/txn_batch/paper/sigmod2016/exp_fig/cluster/abort.pdf> <C:/Users/Bailu/Wo
rkspace/assembla/cornell_db_distributed/txn_batch/paper/sigmod2016/exp_fig/clus
ter/percent95_latency.pdf>]
Overfull \hbox (3.53493pt too wide) in paragraph at lines 12--14
\T1/aer/m/n/9 only trans-ac-tions in dis-tributed asyn-chronous OCC [15]. This
 []


Overfull \hbox (6.98137pt too wide) in paragraph at lines 20--21
\T1/aer/m/n/9 where the sched-uler can be dis-tributed. De-ter-min-is-tic sched
ul-
 []


Underfull \vbox (badness 10000) has occurred while \output is active []

)
(C:\Users\Bailu\Workspace\assembla\cornell_db_distributed\txn_batch\paper\sigmo
d2016\conclusion.tex)
(C:\Users\Bailu\Workspace\assembla\cornell_db_distributed\txn_batch\paper\sigmo
d2016\main.bbl [12]
Underfull \vbox (badness 10000) has occurred while \output is active []

 [13]
Underfull \vbox (badness 10000) has occurred while \output is active []

) [14]
(C:\Users\Bailu\Workspace\assembla\cornell_db_distributed\txn_batch\paper\sigmo
d2016\main.aux) ) 
Here is how much of TeX's memory you used:
 5695 strings out of 493921
 83984 string characters out of 3147283
 179588 words of memory out of 3000000
 8844 multiletter control sequences out of 15000+200000
 52687 words of font info for 73 fonts, out of 3000000 for 9000
 841 hyphenation exceptions out of 8191
 53i,18n,92p,1521b,678s stack positions out of 5000i,500n,10000p,200000b,50000s
{C:/Program Files/MiKTeX 2.9/fonts/enc/dvips/fontname/8r.enc}<
C:/Program Files/MiKTeX 2.9/fonts/type1/public/amsfonts/cm/cmbx9.pfb><C:/Progra
m Files/MiKTeX 2.9/fonts/type1/public/amsfonts/cm/cmmi6.pfb><C:/Program Files/M
iKTeX 2.9/fonts/type1/public/amsfonts/cm/cmmi9.pfb><C:/Program Files/MiKTeX 2.9
/fonts/type1/public/amsfonts/cm/cmr6.pfb><C:/Program Files/MiKTeX 2.9/fonts/typ
e1/public/amsfonts/cm/cmr8.pfb><C:/Program Files/MiKTeX 2.9/fonts/type1/public/
amsfonts/cm/cmr9.pfb><C:/Program Files/MiKTeX 2.9/fonts/type1/public/amsfonts/c
m/cmsy6.pfb><C:/Program Files/MiKTeX 2.9/fonts/type1/public/amsfonts/cm/cmsy9.p
fb><C:/Program Files/MiKTeX 2.9/fonts/type1/public/amsfonts/cm/cmti9.pfb><C:/Pr
ogram Files/MiKTeX 2.9/fonts/type1/public/amsfonts/cm/cmtt9.pfb><C:/Program Fil
es/MiKTeX 2.9/fonts/type1/urw/helvetic/uhvb8a.pfb><C:/Program Files/MiKTeX 2.9/
fonts/type1/urw/times/utmb8a.pfb><C:/Program Files/MiKTeX 2.9/fonts/type1/urw/t
imes/utmri8a.pfb>
Output written on main.pdf (14 pages, 749362 bytes).
PDF statistics:
 489 PDF objects out of 1000 (max. 8388607)
 0 named destinations out of 1000 (max. 500000)
 181 words of extra memory for PDF output out of 10000 (max. 10000000)

